в—Ү injected env (1) from .env // tip: вҢҒ auth for agents [www.vestauth.com]
Database initialized at /home/shubham/arbitrum-arbitrage-bot/arbitrage.db
2026-06-06T06:52:13.064Z
в”Ңв”Җв”Җв”Җв”Җв”Җв”Җв”Җв”Җв”Җв”җ
в”Ӯ (index) в”Ӯ
в”ңв”Җв”Җв”Җв”Җв”Җв”Җв”Җв”Җв”Җв”Ө
в””в”Җв”Җв”Җв”Җв”Җв”Җв”Җв”Җв”Җв”ҳ
2026-06-06T06:53:12.348Z
в”Ңв”Җв”Җв”Җв”Җв”Җв”Җв”Җв”Җв”Җв”җ
в”Ӯ (index) в”Ӯ
в”ңв”Җв”Җв”Җв”Җв”Җв”Җв”Җв”Җв”Җв”Ө
в””в”Җв”Җв”Җв”Җв”Җв”Җв”Җв”Җв”Җв”ҳ
2026-06-06T06:54:16.249Z
в”Ңв”Җв”Җв”Җв”Җв”Җв”Җв”Җв”Җв”Җв”җ
в”Ӯ (index) в”Ӯ
в”ңв”Җв”Җв”Җв”Җв”Җв”Җв”Җв”Җв”Җв”Ө
в””в”Җв”Җв”Җв”Җв”Җв”Җв”Җв”Җв”Җв”ҳ
2026-06-06T06:55:15.027Z
в”Ңв”Җв”Җв”Җв”Җв”Җв”Җв”Җв”Җв”Җв”җ
в”Ӯ (index) в”Ӯ
в”ңв”Җв”Җв”Җв”Җв”Җв”Җв”Җв”Җв”Җв”Ө
в””в”Җв”Җв”Җв”Җв”Җв”Җв”Җв”Җв”Җв”ҳ
2026-06-06T06:56:13.960Z
в”Ңв”Җв”Җв”Җв”Җв”Җв”Җв”Җв”Җв”Җв”җ
в”Ӯ (index) в”Ӯ
в”ңв”Җв”Җв”Җв”Җв”Җв”Җв”Җв”Җв”Җв”Ө
в””в”Җв”Җв”Җв”Җв”Җв”Җв”Җв”Җв”Җв”ҳ
2026-06-06T06:57:13.887Z
в”Ңв”Җв”Җв”Җв”Җв”Җв”Җв”Җв”Җв”Җв”җ
в”Ӯ (index) в”Ӯ
в”ңв”Җв”Җв”Җв”Җв”Җв”Җв”Җв”Җв”Җв”Ө
в””в”Җв”Җв”Җв”Җв”Җв”Җв”Җв”Җв”Җв”ҳ
2026-06-06T06:58:13.654Z
в”Ңв”Җв”Җв”Җв”Җв”Җв”Җв”Җв”Җв”Җв”җ
в”Ӯ (index) в”Ӯ
в”ңв”Җв”Җв”Җв”Җв”Җв”Җв”Җв”Җв”Җв”Ө
в””в”Җв”Җв”Җв”Җв”Җв”Җв”Җв”Җв”Җв”ҳ
2026-06-06T06:59:11.430Z
в”Ңв”Җв”Җв”Җв”Җв”Җв”Җв”Җв”Җв”Җв”җ
в”Ӯ (index) в”Ӯ
в”ңв”Җв”Җв”Җв”Җв”Җв”Җв”Җв”Җв”Җв”Ө
в””в”Җв”Җв”Җв”Җв”Җв”Җв”Җв”Җв”Җв”ҳ
2026-06-06T07:00:12.794Z
в”Ңв”Җв”Җв”Җв”Җв”Җв”Җв”Җв”Җв”Җв”җ
в”Ӯ (index) в”Ӯ
в”ңв”Җв”Җв”Җв”Җв”Җв”Җв”Җв”Җв”Җв”Ө
в””в”Җв”Җв”Җв”Җв”Җв”Җв”Җв”Җв”Җв”ҳ
2026-06-06T07:01:13.090Z
в”Ңв”Җв”Җв”Җв”Җв”Җв”Җв”Җв”Җв”Җв”җ
в”Ӯ (index) в”Ӯ
в”ңв”Җв”Җв”Җв”Җв”Җв”Җв”Җв”Җв”Җв”Ө
в””в”Җв”Җв”Җв”Җв”Җв”Җв”Җв”Җв”Җв”ҳ
2026-06-06T07:02:12.953Z
в”Ңв”Җв”Җв”Җв”Җв”Җв”Җв”Җв”Җв”Җв”җ
в”Ӯ (index) в”Ӯ
в”ңв”Җв”Җв”Җв”Җв”Җв”Җв”Җв”Җв”Җв”Ө
в””в”Җв”Җв”Җв”Җв”Җв”Җв”Җв”Җв”Җв”ҳ
2026-06-06T07:03:10.668Z
в”Ңв”Җв”Җв”Җв”Җв”Җв”Җв”Җв”Җв”Җв”җ
в”Ӯ (index) в”Ӯ
в”ңв”Җв”Җв”Җв”Җв”Җв”Җв”Җв”Җв”Җв”Ө
в””в”Җв”Җв”Җв”Җв”Җв”Җв”Җв”Җв”Җв”ҳ
===================
SCANS: 12

BEST TOKEN: N/A

BEST ROUTE: N/A

BEST PROFIT: N/A
===================
2026-06-06T07:04:18.598Z
в”Ңв”Җв”Җв”Җв”Җв”Җв”Җв”Җв”Җв”Җв”җ
в”Ӯ (index) в”Ӯ
в”ңв”Җв”Җв”Җв”Җв”Җв”Җв”Җв”Җв”Җв”Ө
в””в”Җв”Җв”Җв”Җв”Җв”Җв”Җв”Җв”Җв”ҳ
2026-06-06T07:05:46.030Z
в”Ңв”Җв”Җв”Җв”Җв”Җв”Җв”Җв”Җв”Җв”җ
в”Ӯ (index) в”Ӯ
в”ңв”Җв”Җв”Җв”Җв”Җв”Җв”Җв”Җв”Җв”Ө
в””в”Җв”Җв”Җв”Җв”Җв”Җв”Җв”Җв”Җв”ҳ
2026-06-06T07:06:50.683Z
в”Ңв”Җв”Җв”Җв”Җв”Җв”Җв”Җв”Җв”Җв”җ
в”Ӯ (index) в”Ӯ
в”ңв”Җв”Җв”Җв”Җв”Җв”Җв”Җв”Җв”Җв”Ө
в””в”Җв”Җв”Җв”Җв”Җв”Җв”Җв”Җв”Җв”ҳ
2026-06-06T07:08:00.621Z
в”Ңв”Җв”Җв”Җв”Җв”Җв”Җв”Җв”Җв”Җв”җ
в”Ӯ (index) в”Ӯ
в”ңв”Җв”Җв”Җв”Җв”Җв”Җв”Җв”Җв”Җв”Ө
в””в”Җв”Җв”Җв”Җв”Җв”Җв”Җв”Җв”Җв”ҳ
2026-06-06T07:09:03.747Z
в”Ңв”Җв”Җв”Җв”Җв”Җв”Җв”Җв”Җв”Җв”җ
в”Ӯ (index) в”Ӯ
в”ңв”Җв”Җв”Җв”Җв”Җв”Җв”Җв”Җв”Җв”Ө
в””в”Җв”Җв”Җв”Җв”Җв”Җв”Җв”Җв”Җв”ҳ
2026-06-06T07:10:12.803Z
в”Ңв”Җв”Җв”Җв”Җв”Җв”Җв”Җв”Җв”Җв”җ
в”Ӯ (index) в”Ӯ
в”ңв”Җв”Җв”Җв”Җв”Җв”Җв”Җв”Җв”Җв”Ө
в””в”Җв”Җв”Җв”Җв”Җв”Җв”Җв”Җв”Җв”ҳ

Shutting down gracefully...
