в—Ү injected env (1) from .env // tip: вҢҳ enable debugging { debug: true }
Database initialized at /home/shubham/arbitrum-arbitrage-bot/arbitrage.db
2026-06-06T07:26:41.733Z
в”Ңв”Җв”Җв”Җв”Җв”Җв”Җв”Җв”Җв”Җв”җ
в”Ӯ (index) в”Ӯ
в”ңв”Җв”Җв”Җв”Җв”Җв”Җв”Җв”Җв”Җв”Ө
в””в”Җв”Җв”Җв”Җв”Җв”Җв”Җв”Җв”Җв”ҳ
2026-06-06T07:28:43.389Z
в”Ңв”Җв”Җв”Җв”Җв”Җв”Җв”Җв”Җв”Җв”җ
в”Ӯ (index) в”Ӯ
в”ңв”Җв”Җв”Җв”Җв”Җв”Җв”Җв”Җв”Җв”Ө
в””в”Җв”Җв”Җв”Җв”Җв”Җв”Җв”Җв”Җв”ҳ
2026-06-06T07:30:41.362Z
в”Ңв”Җв”Җв”Җв”Җв”Җв”Җв”Җв”Җв”Җв”җ
в”Ӯ (index) в”Ӯ
в”ңв”Җв”Җв”Җв”Җв”Җв”Җв”Җв”Җв”Җв”Ө
в””в”Җв”Җв”Җв”Җв”Җв”Җв”Җв”Җв”Җв”ҳ
2026-06-06T07:31:47.436Z
в”Ңв”Җв”Җв”Җв”Җв”Җв”Җв”Җв”Җв”Җв”җ
в”Ӯ (index) в”Ӯ
в”ңв”Җв”Җв”Җв”Җв”Җв”Җв”Җв”Җв”Җв”Ө
в””в”Җв”Җв”Җв”Җв”Җв”Җв”Җв”Җв”Җв”ҳ
2026-06-06T07:32:51.075Z
в”Ңв”Җв”Җв”Җв”Җв”Җв”Җв”Җв”Җв”Җв”җ
в”Ӯ (index) в”Ӯ
в”ңв”Җв”Җв”Җв”Җв”Җв”Җв”Җв”Җв”Җв”Ө
в””в”Җв”Җв”Җв”Җв”Җв”Җв”Җв”Җв”Җв”ҳ
2026-06-06T07:33:55.204Z
в”Ңв”Җв”Җв”Җв”Җв”Җв”Җв”Җв”Җв”Җв”җ
в”Ӯ (index) в”Ӯ
в”ңв”Җв”Җв”Җв”Җв”Җв”Җв”Җв”Җв”Җв”Ө
в””в”Җв”Җв”Җв”Җв”Җв”Җв”Җв”Җв”Җв”ҳ
2026-06-06T07:35:00.009Z
в”Ңв”Җв”Җв”Җв”Җв”Җв”Җв”Җв”Җв”Җв”җ
в”Ӯ (index) в”Ӯ
в”ңв”Җв”Җв”Җв”Җв”Җв”Җв”Җв”Җв”Җв”Ө
в””в”Җв”Җв”Җв”Җв”Җв”Җв”Җв”Җв”Җв”ҳ
2026-06-06T07:36:03.963Z
в”Ңв”Җв”Җв”Җв”Җв”Җв”Җв”Җв”Җв”Җв”җ
в”Ӯ (index) в”Ӯ
в”ңв”Җв”Җв”Җв”Җв”Җв”Җв”Җв”Җв”Җв”Ө
в””в”Җв”Җв”Җв”Җв”Җв”Җв”Җв”Җв”Җв”ҳ
2026-06-06T07:37:12.373Z
в”Ңв”Җв”Җв”Җв”Җв”Җв”Җв”Җв”Җв”Җв”җ
в”Ӯ (index) в”Ӯ
в”ңв”Җв”Җв”Җв”Җв”Җв”Җв”Җв”Җв”Җв”Ө
в””в”Җв”Җв”Җв”Җв”Җв”Җв”Җв”Җв”Җв”ҳ
2026-06-06T07:48:30.772Z
в”Ңв”Җв”Җв”Җв”Җв”Җв”Җв”Җв”Җв”Җв”җ
в”Ӯ (index) в”Ӯ
в”ңв”Җв”Җв”Җв”Җв”Җв”Җв”Җв”Җв”Җв”Ө
в””в”Җв”Җв”Җв”Җв”Җв”Җв”Җв”Җв”Җв”ҳ
2026-06-06T07:50:17.479Z
в”Ңв”Җв”Җв”Җв”Җв”Җв”Җв”Җв”Җв”Җв”җ
в”Ӯ (index) в”Ӯ
в”ңв”Җв”Җв”Җв”Җв”Җв”Җв”Җв”Җв”Җв”Ө
в””в”Җв”Җв”Җв”Җв”Җв”Җв”Җв”Җв”Җв”ҳ
2026-06-06T07:52:14.578Z
в”Ңв”Җв”Җв”Җв”Җв”Җв”Җв”Җв”Җв”Җв”җ
в”Ӯ (index) в”Ӯ
в”ңв”Җв”Җв”Җв”Җв”Җв”Җв”Җв”Җв”Җв”Ө
в””в”Җв”Җв”Җв”Җв”Җв”Җв”Җв”Җв”Җв”ҳ
===================
SCANS: 12

BEST TOKEN: N/A

BEST ROUTE: N/A

BEST PROFIT: N/A
===================
2026-06-06T07:54:25.191Z
в”Ңв”Җв”Җв”Җв”Җв”Җв”Җв”Җв”Җв”Җв”җ
в”Ӯ (index) в”Ӯ
в”ңв”Җв”Җв”Җв”Җв”Җв”Җв”Җв”Җв”Җв”Ө
в””в”Җв”Җв”Җв”Җв”Җв”Җв”Җв”Җв”Җв”ҳ
2026-06-06T07:56:43.514Z
в”Ңв”Җв”Җв”Җв”Җв”Җв”Җв”Җв”Җв”Җв”җ
в”Ӯ (index) в”Ӯ
в”ңв”Җв”Җв”Җв”Җв”Җв”Җв”Җв”Җв”Җв”Ө
в””в”Җв”Җв”Җв”Җв”Җв”Җв”Җв”Җв”Җв”ҳ
2026-06-06T07:58:57.370Z
в”Ңв”Җв”Җв”Җв”Җв”Җв”Җв”Җв”Җв”Җв”җ
в”Ӯ (index) в”Ӯ
в”ңв”Җв”Җв”Җв”Җв”Җв”Җв”Җв”Җв”Җв”Ө
в””в”Җв”Җв”Җв”Җв”Җв”Җв”Җв”Җв”Җв”ҳ
2026-06-06T08:01:05.507Z
в”Ңв”Җв”Җв”Җв”Җв”Җв”Җв”Җв”Җв”Җв”җ
в”Ӯ (index) в”Ӯ
в”ңв”Җв”Җв”Җв”Җв”Җв”Җв”Җв”Җв”Җв”Ө
в””в”Җв”Җв”Җв”Җв”Җв”Җв”Җв”Җв”Җв”ҳ
2026-06-06T08:05:48.320Z
в”Ңв”Җв”Җв”Җв”Җв”Җв”Җв”Җв”Җв”Җв”җ
в”Ӯ (index) в”Ӯ
в”ңв”Җв”Җв”Җв”Җв”Җв”Җв”Җв”Җв”Җв”Ө
в””в”Җв”Җв”Җв”Җв”Җв”Җв”Җв”Җв”Җв”ҳ
2026-06-06T08:06:51.698Z
в”Ңв”Җв”Җв”Җв”Җв”Җв”Җв”Җв”Җв”Җв”җ
в”Ӯ (index) в”Ӯ
в”ңв”Җв”Җв”Җв”Җв”Җв”Җв”Җв”Җв”Җв”Ө
в””в”Җв”Җв”Җв”Җв”Җв”Җв”Җв”Җв”Җв”ҳ
2026-06-06T08:07:54.357Z
в”Ңв”Җв”Җв”Җв”Җв”Җв”Җв”Җв”Җв”Җв”җ
в”Ӯ (index) в”Ӯ
в”ңв”Җв”Җв”Җв”Җв”Җв”Җв”Җв”Җв”Җв”Ө
в””в”Җв”Җв”Җв”Җв”Җв”Җв”Җв”Җв”Җв”ҳ
2026-06-06T08:09:07.970Z
в”Ңв”Җв”Җв”Җв”Җв”Җв”Җв”Җв”Җв”Җв”җ
в”Ӯ (index) в”Ӯ
в”ңв”Җв”Җв”Җв”Җв”Җв”Җв”Җв”Җв”Җв”Ө
в””в”Җв”Җв”Җв”Җв”Җв”Җв”Җв”Җв”Җв”ҳ
2026-06-06T08:10:31.567Z
в”Ңв”Җв”Җв”Җв”Җв”Җв”Җв”Җв”Җв”Җв”җ
в”Ӯ (index) в”Ӯ
в”ңв”Җв”Җв”Җв”Җв”Җв”Җв”Җв”Җв”Җв”Ө
в””в”Җв”Җв”Җв”Җв”Җв”Җв”Җв”Җв”Җв”ҳ
2026-06-06T08:12:15.199Z
в”Ңв”Җв”Җв”Җв”Җв”Җв”Җв”Җв”Җв”Җв”җ
в”Ӯ (index) в”Ӯ
в”ңв”Җв”Җв”Җв”Җв”Җв”Җв”Җв”Җв”Җв”Ө
в””в”Җв”Җв”Җв”Җв”Җв”Җв”Җв”Җв”Җв”ҳ
2026-06-06T08:15:42.264Z
в”Ңв”Җв”Җв”Җв”Җв”Җв”Җв”Җв”Җв”Җв”җ
в”Ӯ (index) в”Ӯ
в”ңв”Җв”Җв”Җв”Җв”Җв”Җв”Җв”Җв”Җв”Ө
в””в”Җв”Җв”Җв”Җв”Җв”Җв”Җв”Җв”Җв”ҳ
2026-06-06T08:16:51.281Z
в”Ңв”Җв”Җв”Җв”Җв”Җв”Җв”Җв”Җв”Җв”җ
в”Ӯ (index) в”Ӯ
в”ңв”Җв”Җв”Җв”Җв”Җв”Җв”Җв”Җв”Җв”Ө
в””в”Җв”Җв”Җв”Җв”Җв”Җв”Җв”Җв”Җв”ҳ
===================
SCANS: 24

BEST TOKEN: N/A

BEST ROUTE: N/A

BEST PROFIT: N/A
===================
2026-06-06T08:18:02.922Z
в”Ңв”Җв”Җв”Җв”Җв”Җв”Җв”Җв”Җв”Җв”җ
в”Ӯ (index) в”Ӯ
в”ңв”Җв”Җв”Җв”Җв”Җв”Җв”Җв”Җв”Җв”Ө
в””в”Җв”Җв”Җв”Җв”Җв”Җв”Җв”Җв”Җв”ҳ
2026-06-06T08:19:11.267Z
в”Ңв”Җв”Җв”Җв”Җв”Җв”Җв”Җв”Җв”Җв”җ
в”Ӯ (index) в”Ӯ
в”ңв”Җв”Җв”Җв”Җв”Җв”Җв”Җв”Җв”Җв”Ө
в””в”Җв”Җв”Җв”Җв”Җв”Җв”Җв”Җв”Җв”ҳ
2026-06-06T08:20:17.261Z
в”Ңв”Җв”Җв”Җв”Җв”Җв”Җв”Җв”Җв”Җв”җ
в”Ӯ (index) в”Ӯ
в”ңв”Җв”Җв”Җв”Җв”Җв”Җв”Җв”Җв”Җв”Ө
в””в”Җв”Җв”Җв”Җв”Җв”Җв”Җв”Җв”Җв”ҳ
2026-06-06T08:21:50.006Z
в”Ңв”Җв”Җв”Җв”Җв”Җв”Җв”Җв”Җв”Җв”җ
в”Ӯ (index) в”Ӯ
в”ңв”Җв”Җв”Җв”Җв”Җв”Җв”Җв”Җв”Җв”Ө
в””в”Җв”Җв”Җв”Җв”Җв”Җв”Җв”Җв”Җв”ҳ
2026-06-06T08:23:25.593Z
в”Ңв”Җв”Җв”Җв”Җв”Җв”Җв”Җв”Җв”Җв”җ
в”Ӯ (index) в”Ӯ
в”ңв”Җв”Җв”Җв”Җв”Җв”Җв”Җв”Җв”Җв”Ө
в””в”Җв”Җв”Җв”Җв”Җв”Җв”Җв”Җв”Җв”ҳ
2026-06-06T08:24:40.164Z
в”Ңв”Җв”Җв”Җв”Җв”Җв”Җв”Җв”Җв”Җв”җ
в”Ӯ (index) в”Ӯ
в”ңв”Җв”Җв”Җв”Җв”Җв”Җв”Җв”Җв”Җв”Ө
в””в”Җв”Җв”Җв”Җв”Җв”Җв”Җв”Җв”Җв”ҳ
2026-06-06T08:26:09.473Z
в”Ңв”Җв”Җв”Җв”Җв”Җв”Җв”Җв”Җв”Җв”җ
в”Ӯ (index) в”Ӯ
в”ңв”Җв”Җв”Җв”Җв”Җв”Җв”Җв”Җв”Җв”Ө
в””в”Җв”Җв”Җв”Җв”Җв”Җв”Җв”Җв”Җв”ҳ
2026-06-06T08:27:11.523Z
в”Ңв”Җв”Җв”Җв”Җв”Җв”Җв”Җв”Җв”Җв”җ
в”Ӯ (index) в”Ӯ
в”ңв”Җв”Җв”Җв”Җв”Җв”Җв”Җв”Җв”Җв”Ө
в””в”Җв”Җв”Җв”Җв”Җв”Җв”Җв”Җв”Җв”ҳ
2026-06-06T08:28:15.340Z
в”Ңв”Җв”Җв”Җв”Җв”Җв”Җв”Җв”Җв”Җв”җ
в”Ӯ (index) в”Ӯ
в”ңв”Җв”Җв”Җв”Җв”Җв”Җв”Җв”Җв”Җв”Ө
в””в”Җв”Җв”Җв”Җв”Җв”Җв”Җв”Җв”Җв”ҳ
2026-06-06T08:29:26.452Z
в”Ңв”Җв”Җв”Җв”Җв”Җв”Җв”Җв”Җв”Җв”җ
в”Ӯ (index) в”Ӯ
в”ңв”Җв”Җв”Җв”Җв”Җв”Җв”Җв”Җв”Җв”Ө
в””в”Җв”Җв”Җв”Җв”Җв”Җв”Җв”Җв”Җв”ҳ
2026-06-06T08:30:45.566Z
в”Ңв”Җв”Җв”Җв”Җв”Җв”Җв”Җв”Җв”Җв”җ
в”Ӯ (index) в”Ӯ
в”ңв”Җв”Җв”Җв”Җв”Җв”Җв”Җв”Җв”Җв”Ө
в””в”Җв”Җв”Җв”Җв”Җв”Җв”Җв”Җв”Җв”ҳ
2026-06-06T08:32:11.081Z
в”Ңв”Җв”Җв”Җв”Җв”Җв”Җв”Җв”Җв”Җв”җ
в”Ӯ (index) в”Ӯ
в”ңв”Җв”Җв”Җв”Җв”Җв”Җв”Җв”Җв”Җв”Ө
в””в”Җв”Җв”Җв”Җв”Җв”Җв”Җв”Җв”Җв”ҳ
===================
SCANS: 36

BEST TOKEN: N/A

BEST ROUTE: N/A

BEST PROFIT: N/A
===================
2026-06-06T08:33:30.587Z
в”Ңв”Җв”Җв”Җв”Җв”Җв”Җв”Җв”Җв”Җв”җ
в”Ӯ (index) в”Ӯ
в”ңв”Җв”Җв”Җв”Җв”Җв”Җв”Җв”Җв”Җв”Ө
в””в”Җв”Җв”Җв”Җв”Җв”Җв”Җв”Җв”Җв”ҳ
2026-06-06T08:34:41.905Z
в”Ңв”Җв”Җв”Җв”Җв”Җв”Җв”Җв”Җв”Җв”җ
в”Ӯ (index) в”Ӯ
в”ңв”Җв”Җв”Җв”Җв”Җв”Җв”Җв”Җв”Җв”Ө
в””в”Җв”Җв”Җв”Җв”Җв”Җв”Җв”Җв”Җв”ҳ
2026-06-06T08:35:51.046Z
в”Ңв”Җв”Җв”Җв”Җв”Җв”Җв”Җв”Җв”Җв”җ
в”Ӯ (index) в”Ӯ
в”ңв”Җв”Җв”Җв”Җв”Җв”Җв”Җв”Җв”Җв”Ө
в””в”Җв”Җв”Җв”Җв”Җв”Җв”Җв”Җв”Җв”ҳ
2026-06-06T08:37:01.682Z
в”Ңв”Җв”Җв”Җв”Җв”Җв”Җв”Җв”Җв”Җв”җ
в”Ӯ (index) в”Ӯ
в”ңв”Җв”Җв”Җв”Җв”Җв”Җв”Җв”Җв”Җв”Ө
в””в”Җв”Җв”Җв”Җв”Җв”Җв”Җв”Җв”Җв”ҳ
2026-06-06T08:38:08.201Z
в”Ңв”Җв”Җв”Җв”Җв”Җв”Җв”Җв”Җв”Җв”җ
в”Ӯ (index) в”Ӯ
в”ңв”Җв”Җв”Җв”Җв”Җв”Җв”Җв”Җв”Җв”Ө
в””в”Җв”Җв”Җв”Җв”Җв”Җв”Җв”Җв”Җв”ҳ
2026-06-06T08:39:15.880Z
в”Ңв”Җв”Җв”Җв”Җв”Җв”Җв”Җв”Җв”Җв”җ
в”Ӯ (index) в”Ӯ
в”ңв”Җв”Җв”Җв”Җв”Җв”Җв”Җв”Җв”Җв”Ө
в””в”Җв”Җв”Җв”Җв”Җв”Җв”Җв”Җв”Җв”ҳ
UNISWAP -> SUSHI failed for ARB 250: Error: socket hang up
    at connResetException (node:internal/errors:720:14)
    at TLSSocket.socketOnEnd (node:_http_client:525:23)
    at TLSSocket.emit (node:events:529:35)
    at TLSSocket.emit (node:domain:489:12)
    at endReadableNT (node:internal/streams/readable:1400:12)
    at processTicksAndRejections (node:internal/process/task_queues:82:21) {
  code: 'ECONNRESET'
}
2026-06-06T08:40:39.638Z
в”Ңв”Җв”Җв”Җв”Җв”Җв”Җв”Җв”Җв”Җв”җ
в”Ӯ (index) в”Ӯ
в”ңв”Җв”Җв”Җв”Җв”Җв”Җв”Җв”Җв”Җв”Ө
в””в”Җв”Җв”Җв”Җв”Җв”Җв”Җв”Җв”Җв”ҳ
2026-06-06T08:41:49.434Z
в”Ңв”Җв”Җв”Җв”Җв”Җв”Җв”Җв”Җв”Җв”җ
в”Ӯ (index) в”Ӯ
в”ңв”Җв”Җв”Җв”Җв”Җв”Җв”Җв”Җв”Җв”Ө
в””в”Җв”Җв”Җв”Җв”Җв”Җв”Җв”Җв”Җв”ҳ
2026-06-06T08:43:09.887Z
в”Ңв”Җв”Җв”Җв”Җв”Җв”Җв”Җв”Җв”Җв”җ
в”Ӯ (index) в”Ӯ
в”ңв”Җв”Җв”Җв”Җв”Җв”Җв”Җв”Җв”Җв”Ө
в””в”Җв”Җв”Җв”Җв”Җв”Җв”Җв”Җв”Җв”ҳ
2026-06-06T08:44:20.310Z
в”Ңв”Җв”Җв”Җв”Җв”Җв”Җв”Җв”Җв”Җв”җ
в”Ӯ (index) в”Ӯ
в”ңв”Җв”Җв”Җв”Җв”Җв”Җв”Җв”Җв”Җв”Ө
в””в”Җв”Җв”Җв”Җв”Җв”Җв”Җв”Җв”Җв”ҳ
2026-06-06T08:45:31.155Z
в”Ңв”Җв”Җв”Җв”Җв”Җв”Җв”Җв”Җв”Җв”җ
в”Ӯ (index) в”Ӯ
в”ңв”Җв”Җв”Җв”Җв”Җв”Җв”Җв”Җв”Җв”Ө
в””в”Җв”Җв”Җв”Җв”Җв”Җв”Җв”Җв”Җв”ҳ
2026-06-06T08:46:35.253Z
в”Ңв”Җв”Җв”Җв”Җв”Җв”Җв”Җв”Җв”Җв”җ
в”Ӯ (index) в”Ӯ
в”ңв”Җв”Җв”Җв”Җв”Җв”Җв”Җв”Җв”Җв”Ө
в””в”Җв”Җв”Җв”Җв”Җв”Җв”Җв”Җв”Җв”ҳ
===================
SCANS: 48

BEST TOKEN: N/A

BEST ROUTE: N/A

BEST PROFIT: N/A
===================
2026-06-06T08:47:36.009Z
в”Ңв”Җв”Җв”Җв”Җв”Җв”Җв”Җв”Җв”Җв”җ
в”Ӯ (index) в”Ӯ
в”ңв”Җв”Җв”Җв”Җв”Җв”Җв”Җв”Җв”Җв”Ө
в””в”Җв”Җв”Җв”Җв”Җв”Җв”Җв”Җв”Җв”ҳ
2026-06-06T08:48:38.370Z
в”Ңв”Җв”Җв”Җв”Җв”Җв”Җв”Җв”Җв”Җв”җ
в”Ӯ (index) в”Ӯ
в”ңв”Җв”Җв”Җв”Җв”Җв”Җв”Җв”Җв”Җв”Ө
в””в”Җв”Җв”Җв”Җв”Җв”Җв”Җв”Җв”Җв”ҳ
2026-06-06T08:49:40.094Z
в”Ңв”Җв”Җв”Җв”Җв”Җв”Җв”Җв”Җв”Җв”җ
в”Ӯ (index) в”Ӯ
в”ңв”Җв”Җв”Җв”Җв”Җв”Җв”Җв”Җв”Җв”Ө
в””в”Җв”Җв”Җв”Җв”Җв”Җв”Җв”Җв”Җв”ҳ
2026-06-06T08:50:41.614Z
в”Ңв”Җв”Җв”Җв”Җв”Җв”Җв”Җв”Җв”Җв”җ
в”Ӯ (index) в”Ӯ
в”ңв”Җв”Җв”Җв”Җв”Җв”Җв”Җв”Җв”Җв”Ө
в””в”Җв”Җв”Җв”Җв”Җв”Җв”Җв”Җв”Җв”ҳ
2026-06-06T08:51:45.123Z
в”Ңв”Җв”Җв”Җв”Җв”Җв”Җв”Җв”Җв”Җв”җ
в”Ӯ (index) в”Ӯ
в”ңв”Җв”Җв”Җв”Җв”Җв”Җв”Җв”Җв”Җв”Ө
в””в”Җв”Җв”Җв”Җв”Җв”Җв”Җв”Җв”Җв”ҳ
2026-06-06T08:52:51.886Z
в”Ңв”Җв”Җв”Җв”Җв”Җв”Җв”Җв”Җв”Җв”җ
в”Ӯ (index) в”Ӯ
в”ңв”Җв”Җв”Җв”Җв”Җв”Җв”Җв”Җв”Җв”Ө
в””в”Җв”Җв”Җв”Җв”Җв”Җв”Җв”Җв”Җв”ҳ
2026-06-06T08:54:01.331Z
в”Ңв”Җв”Җв”Җв”Җв”Җв”Җв”Җв”Җв”Җв”җ
в”Ӯ (index) в”Ӯ
в”ңв”Җв”Җв”Җв”Җв”Җв”Җв”Җв”Җв”Җв”Ө
в””в”Җв”Җв”Җв”Җв”Җв”Җв”Җв”Җв”Җв”ҳ
2026-06-06T08:55:07.897Z
в”Ңв”Җв”Җв”Җв”Җв”Җв”Җв”Җв”Җв”Җв”җ
в”Ӯ (index) в”Ӯ
в”ңв”Җв”Җв”Җв”Җв”Җв”Җв”Җв”Җв”Җв”Ө
в””в”Җв”Җв”Җв”Җв”Җв”Җв”Җв”Җв”Җв”ҳ
2026-06-06T08:56:36.598Z
в”Ңв”Җв”Җв”Җв”Җв”Җв”Җв”Җв”Җв”Җв”җ
в”Ӯ (index) в”Ӯ
в”ңв”Җв”Җв”Җв”Җв”Җв”Җв”Җв”Җв”Җв”Ө
в””в”Җв”Җв”Җв”Җв”Җв”Җв”Җв”Җв”Җв”ҳ
2026-06-06T08:57:40.976Z
в”Ңв”Җв”Җв”Җв”Җв”Җв”Җв”Җв”Җв”Җв”җ
в”Ӯ (index) в”Ӯ
в”ңв”Җв”Җв”Җв”Җв”Җв”Җв”Җв”Җв”Җв”Ө
в””в”Җв”Җв”Җв”Җв”Җв”Җв”Җв”Җв”Җв”ҳ
2026-06-06T08:58:54.511Z
в”Ңв”Җв”Җв”Җв”Җв”Җв”Җв”Җв”Җв”Җв”җ
в”Ӯ (index) в”Ӯ
в”ңв”Җв”Җв”Җв”Җв”Җв”Җв”Җв”Җв”Җв”Ө
в””в”Җв”Җв”Җв”Җв”Җв”Җв”Җв”Җв”Җв”ҳ
2026-06-06T08:59:56.347Z
в”Ңв”Җв”Җв”Җв”Җв”Җв”Җв”Җв”Җв”Җв”җ
в”Ӯ (index) в”Ӯ
в”ңв”Җв”Җв”Җв”Җв”Җв”Җв”Җв”Җв”Җв”Ө
в””в”Җв”Җв”Җв”Җв”Җв”Җв”Җв”Җв”Җв”ҳ
===================
SCANS: 60

BEST TOKEN: N/A

BEST ROUTE: N/A

BEST PROFIT: N/A
===================
2026-06-06T09:00:57.775Z
в”Ңв”Җв”Җв”Җв”Җв”Җв”Җв”Җв”Җв”Җв”җ
в”Ӯ (index) в”Ӯ
в”ңв”Җв”Җв”Җв”Җв”Җв”Җв”Җв”Җв”Җв”Ө
в””в”Җв”Җв”Җв”Җв”Җв”Җв”Җв”Җв”Җв”ҳ
2026-06-06T09:01:59.511Z
в”Ңв”Җв”Җв”Җв”Җв”Җв”Җв”Җв”Җв”Җв”җ
в”Ӯ (index) в”Ӯ
в”ңв”Җв”Җв”Җв”Җв”Җв”Җв”Җв”Җв”Җв”Ө
в””в”Җв”Җв”Җв”Җв”Җв”Җв”Җв”Җв”Җв”ҳ
2026-06-06T09:03:02.954Z
в”Ңв”Җв”Җв”Җв”Җв”Җв”Җв”Җв”Җв”Җв”җ
в”Ӯ (index) в”Ӯ
в”ңв”Җв”Җв”Җв”Җв”Җв”Җв”Җв”Җв”Җв”Ө
в””в”Җв”Җв”Җв”Җв”Җв”Җв”Җв”Җв”Җв”ҳ
2026-06-06T09:04:05.078Z
в”Ңв”Җв”Җв”Җв”Җв”Җв”Җв”Җв”Җв”Җв”җ
в”Ӯ (index) в”Ӯ
в”ңв”Җв”Җв”Җв”Җв”Җв”Җв”Җв”Җв”Җв”Ө
в””в”Җв”Җв”Җв”Җв”Җв”Җв”Җв”Җв”Җв”ҳ
2026-06-06T09:05:06.774Z
в”Ңв”Җв”Җв”Җв”Җв”Җв”Җв”Җв”Җв”Җв”җ
в”Ӯ (index) в”Ӯ
в”ңв”Җв”Җв”Җв”Җв”Җв”Җв”Җв”Җв”Җв”Ө
в””в”Җв”Җв”Җв”Җв”Җв”Җв”Җв”Җв”Җв”ҳ
2026-06-06T09:06:14.000Z
в”Ңв”Җв”Җв”Җв”Җв”Җв”Җв”Җв”Җв”Җв”җ
в”Ӯ (index) в”Ӯ
в”ңв”Җв”Җв”Җв”Җв”Җв”Җв”Җв”Җв”Җв”Ө
в””в”Җв”Җв”Җв”Җв”Җв”Җв”Җв”Җв”Җв”ҳ
2026-06-06T09:07:22.299Z
в”Ңв”Җв”Җв”Җв”Җв”Җв”Җв”Җв”Җв”Җв”җ
в”Ӯ (index) в”Ӯ
в”ңв”Җв”Җв”Җв”Җв”Җв”Җв”Җв”Җв”Җв”Ө
в””в”Җв”Җв”Җв”Җв”Җв”Җв”Җв”Җв”Җв”ҳ
2026-06-06T09:09:04.128Z
в”Ңв”Җв”Җв”Җв”Җв”Җв”Җв”Җв”Җв”Җв”җ
в”Ӯ (index) в”Ӯ
в”ңв”Җв”Җв”Җв”Җв”Җв”Җв”Җв”Җв”Җв”Ө
в””в”Җв”Җв”Җв”Җв”Җв”Җв”Җв”Җв”Җв”ҳ
2026-06-06T09:10:24.256Z
в”Ңв”Җв”Җв”Җв”Җв”Җв”Җв”Җв”Җв”Җв”җ
в”Ӯ (index) в”Ӯ
в”ңв”Җв”Җв”Җв”Җв”Җв”Җв”Җв”Җв”Җв”Ө
в””в”Җв”Җв”Җв”Җв”Җв”Җв”Җв”Җв”Җв”ҳ
2026-06-06T09:11:34.957Z
в”Ңв”Җв”Җв”Җв”Җв”Җв”Җв”Җв”Җв”Җв”җ
в”Ӯ (index) в”Ӯ
в”ңв”Җв”Җв”Җв”Җв”Җв”Җв”Җв”Җв”Җв”Ө
в””в”Җв”Җв”Җв”Җв”Җв”Җв”Җв”Җв”Җв”ҳ
2026-06-06T09:12:58.499Z
в”Ңв”Җв”Җв”Җв”Җв”Җв”Җв”Җв”Җв”Җв”җ
в”Ӯ (index) в”Ӯ
в”ңв”Җв”Җв”Җв”Җв”Җв”Җв”Җв”Җв”Җв”Ө
в””в”Җв”Җв”Җв”Җв”Җв”Җв”Җв”Җв”Җв”ҳ
2026-06-06T09:13:59.364Z
в”Ңв”Җв”Җв”Җв”Җв”Җв”Җв”Җв”Җв”Җв”җ
в”Ӯ (index) в”Ӯ
в”ңв”Җв”Җв”Җв”Җв”Җв”Җв”Җв”Җв”Җв”Ө
в””в”Җв”Җв”Җв”Җв”Җв”Җв”Җв”Җв”Җв”ҳ
===================
SCANS: 72

BEST TOKEN: N/A

BEST ROUTE: N/A

BEST PROFIT: N/A
===================
2026-06-06T09:15:02.144Z
в”Ңв”Җв”Җв”Җв”Җв”Җв”Җв”Җв”Җв”Җв”җ
в”Ӯ (index) в”Ӯ
в”ңв”Җв”Җв”Җв”Җв”Җв”Җв”Җв”Җв”Җв”Ө
в””в”Җв”Җв”Җв”Җв”Җв”Җв”Җв”Җв”Җв”ҳ
2026-06-06T09:16:02.450Z
в”Ңв”Җв”Җв”Җв”Җв”Җв”Җв”Җв”Җв”Җв”җ
в”Ӯ (index) в”Ӯ
в”ңв”Җв”Җв”Җв”Җв”Җв”Җв”Җв”Җв”Җв”Ө
в””в”Җв”Җв”Җв”Җв”Җв”Җв”Җв”Җв”Җв”ҳ
2026-06-06T09:17:03.537Z
в”Ңв”Җв”Җв”Җв”Җв”Җв”Җв”Җв”Җв”Җв”җ
в”Ӯ (index) в”Ӯ
в”ңв”Җв”Җв”Җв”Җв”Җв”Җв”Җв”Җв”Җв”Ө
в””в”Җв”Җв”Җв”Җв”Җв”Җв”Җв”Җв”Җв”ҳ
2026-06-06T09:18:05.314Z
в”Ңв”Җв”Җв”Җв”Җв”Җв”Җв”Җв”Җв”Җв”җ
в”Ӯ (index) в”Ӯ
в”ңв”Җв”Җв”Җв”Җв”Җв”Җв”Җв”Җв”Җв”Ө
в””в”Җв”Җв”Җв”Җв”Җв”Җв”Җв”Җв”Җв”ҳ
2026-06-06T09:19:07.895Z
в”Ңв”Җв”Җв”Җв”Җв”Җв”Җв”Җв”Җв”Җв”җ
в”Ӯ (index) в”Ӯ
в”ңв”Җв”Җв”Җв”Җв”Җв”Җв”Җв”Җв”Җв”Ө
в””в”Җв”Җв”Җв”Җв”Җв”Җв”Җв”Җв”Җв”ҳ
2026-06-06T09:20:09.509Z
в”Ңв”Җв”Җв”Җв”Җв”Җв”Җв”Җв”Җв”Җв”җ
в”Ӯ (index) в”Ӯ
в”ңв”Җв”Җв”Җв”Җв”Җв”Җв”Җв”Җв”Җв”Ө
в””в”Җв”Җв”Җв”Җв”Җв”Җв”Җв”Җв”Җв”ҳ
2026-06-06T09:21:09.315Z
в”Ңв”Җв”Җв”Җв”Җв”Җв”Җв”Җв”Җв”Җв”җ
в”Ӯ (index) в”Ӯ
в”ңв”Җв”Җв”Җв”Җв”Җв”Җв”Җв”Җв”Җв”Ө
в””в”Җв”Җв”Җв”Җв”Җв”Җв”Җв”Җв”Җв”ҳ
2026-06-06T09:22:10.038Z
в”Ңв”Җв”Җв”Җв”Җв”Җв”Җв”Җв”Җв”Җв”җ
в”Ӯ (index) в”Ӯ
в”ңв”Җв”Җв”Җв”Җв”Җв”Җв”Җв”Җв”Җв”Ө
в””в”Җв”Җв”Җв”Җв”Җв”Җв”Җв”Җв”Җв”ҳ
2026-06-06T09:23:12.107Z
в”Ңв”Җв”Җв”Җв”Җв”Җв”Җв”Җв”Җв”Җв”җ
в”Ӯ (index) в”Ӯ
в”ңв”Җв”Җв”Җв”Җв”Җв”Җв”Җв”Җв”Җв”Ө
в””в”Җв”Җв”Җв”Җв”Җв”Җв”Җв”Җв”Җв”ҳ
2026-06-06T09:24:18.793Z
в”Ңв”Җв”Җв”Җв”Җв”Җв”Җв”Җв”Җв”Җв”җ
в”Ӯ (index) в”Ӯ
в”ңв”Җв”Җв”Җв”Җв”Җв”Җв”Җв”Җв”Җв”Ө
в””в”Җв”Җв”Җв”Җв”Җв”Җв”Җв”Җв”Җв”ҳ
2026-06-06T09:25:27.346Z
в”Ңв”Җв”Җв”Җв”Җв”Җв”Җв”Җв”Җв”Җв”җ
в”Ӯ (index) в”Ӯ
в”ңв”Җв”Җв”Җв”Җв”Җв”Җв”Җв”Җв”Җв”Ө
в””в”Җв”Җв”Җв”Җв”Җв”Җв”Җв”Җв”Җв”ҳ
2026-06-06T09:26:30.637Z
в”Ңв”Җв”Җв”Җв”Җв”Җв”Җв”Җв”Җв”Җв”җ
в”Ӯ (index) в”Ӯ
в”ңв”Җв”Җв”Җв”Җв”Җв”Җв”Җв”Җв”Җв”Ө
в””в”Җв”Җв”Җв”Җв”Җв”Җв”Җв”Җв”Җв”ҳ
===================
SCANS: 84

BEST TOKEN: N/A

BEST ROUTE: N/A

BEST PROFIT: N/A
===================
2026-06-06T09:27:32.591Z
в”Ңв”Җв”Җв”Җв”Җв”Җв”Җв”Җв”Җв”Җв”җ
в”Ӯ (index) в”Ӯ
в”ңв”Җв”Җв”Җв”Җв”Җв”Җв”Җв”Җв”Җв”Ө
в””в”Җв”Җв”Җв”Җв”Җв”Җв”Җв”Җв”Җв”ҳ
2026-06-06T09:28:33.554Z
в”Ңв”Җв”Җв”Җв”Җв”Җв”Җв”Җв”Җв”Җв”җ
в”Ӯ (index) в”Ӯ
в”ңв”Җв”Җв”Җв”Җв”Җв”Җв”Җв”Җв”Җв”Ө
в””в”Җв”Җв”Җв”Җв”Җв”Җв”Җв”Җв”Җв”ҳ
2026-06-06T09:30:14.472Z
в”Ңв”Җв”Җв”Җв”Җв”Җв”Җв”Җв”Җв”Җв”җ
в”Ӯ (index) в”Ӯ
в”ңв”Җв”Җв”Җв”Җв”Җв”Җв”Җв”Җв”Җв”Ө
в””в”Җв”Җв”Җв”Җв”Җв”Җв”Җв”Җв”Җв”ҳ
2026-06-06T09:31:26.882Z
в”Ңв”Җв”Җв”Җв”Җв”Җв”Җв”Җв”Җв”Җв”җ
в”Ӯ (index) в”Ӯ
в”ңв”Җв”Җв”Җв”Җв”Җв”Җв”Җв”Җв”Җв”Ө
в””в”Җв”Җв”Җв”Җв”Җв”Җв”Җв”Җв”Җв”ҳ
2026-06-06T09:32:30.172Z
в”Ңв”Җв”Җв”Җв”Җв”Җв”Җв”Җв”Җв”Җв”җ
в”Ӯ (index) в”Ӯ
в”ңв”Җв”Җв”Җв”Җв”Җв”Җв”Җв”Җв”Җв”Ө
в””в”Җв”Җв”Җв”Җв”Җв”Җв”Җв”Җв”Җв”ҳ
2026-06-06T09:33:31.230Z
в”Ңв”Җв”Җв”Җв”Җв”Җв”Җв”Җв”Җв”Җв”җ
в”Ӯ (index) в”Ӯ
в”ңв”Җв”Җв”Җв”Җв”Җв”Җв”Җв”Җв”Җв”Ө
в””в”Җв”Җв”Җв”Җв”Җв”Җв”Җв”Җв”Җв”ҳ
2026-06-06T09:34:37.422Z
в”Ңв”Җв”Җв”Җв”Җв”Җв”Җв”Җв”Җв”Җв”җ
в”Ӯ (index) в”Ӯ
в”ңв”Җв”Җв”Җв”Җв”Җв”Җв”Җв”Җв”Җв”Ө
в””в”Җв”Җв”Җв”Җв”Җв”Җв”Җв”Җв”Җв”ҳ
2026-06-06T09:36:21.002Z
в”Ңв”Җв”Җв”Җв”Җв”Җв”Җв”Җв”Җв”Җв”җ
в”Ӯ (index) в”Ӯ
в”ңв”Җв”Җв”Җв”Җв”Җв”Җв”Җв”Җв”Җв”Ө
в””в”Җв”Җв”Җв”Җв”Җв”Җв”Җв”Җв”Җв”ҳ
2026-06-06T09:37:22.337Z
в”Ңв”Җв”Җв”Җв”Җв”Җв”Җв”Җв”Җв”Җв”җ
в”Ӯ (index) в”Ӯ
в”ңв”Җв”Җв”Җв”Җв”Җв”Җв”Җв”Җв”Җв”Ө
в””в”Җв”Җв”Җв”Җв”Җв”Җв”Җв”Җв”Җв”ҳ
UNISWAP -> SUSHI failed for WETH 2500: Error: Client network socket disconnected before secure TLS connection was established
    at connResetException (node:internal/errors:720:14)
    at TLSSocket.onConnectEnd (node:_tls_wrap:1714:19)
    at TLSSocket.emit (node:events:529:35)
    at TLSSocket.emit (node:domain:489:12)
    at endReadableNT (node:internal/streams/readable:1400:12)
    at processTicksAndRejections (node:internal/process/task_queues:82:21) {
  code: 'ECONNRESET',
  path: null,
  host: 'arb-mainnet.g.alchemy.com',
  port: 443,
  localAddress: undefined
}
2026-06-06T09:39:08.508Z
в”Ңв”Җв”Җв”Җв”Җв”Җв”Җв”Җв”Җв”Җв”җ
в”Ӯ (index) в”Ӯ
в”ңв”Җв”Җв”Җв”Җв”Җв”Җв”Җв”Җв”Җв”Ө
в””в”Җв”Җв”Җв”Җв”Җв”Җв”Җв”Җв”Җв”ҳ
2026-06-06T09:40:08.237Z
в”Ңв”Җв”Җв”Җв”Җв”Җв”Җв”Җв”Җв”Җв”җ
в”Ӯ (index) в”Ӯ
в”ңв”Җв”Җв”Җв”Җв”Җв”Җв”Җв”Җв”Җв”Ө
в””в”Җв”Җв”Җв”Җв”Җв”Җв”Җв”Җв”Җв”ҳ
2026-06-06T09:41:32.257Z
в”Ңв”Җв”Җв”Җв”Җв”Җв”Җв”Җв”Җв”Җв”җ
в”Ӯ (index) в”Ӯ
в”ңв”Җв”Җв”Җв”Җв”Җв”Җв”Җв”Җв”Җв”Ө
в””в”Җв”Җв”Җв”Җв”Җв”Җв”Җв”Җв”Җв”ҳ
===================
SCANS: 96

BEST TOKEN: N/A

BEST ROUTE: N/A

BEST PROFIT: N/A
===================
2026-06-06T09:42:45.230Z
в”Ңв”Җв”Җв”Җв”Җв”Җв”Җв”Җв”Җв”Җв”җ
в”Ӯ (index) в”Ӯ
в”ңв”Җв”Җв”Җв”Җв”Җв”Җв”Җв”Җв”Җв”Ө
в””в”Җв”Җв”Җв”Җв”Җв”Җв”Җв”Җв”Җв”ҳ
2026-06-06T09:44:00.261Z
в”Ңв”Җв”Җв”Җв”Җв”Җв”Җв”Җв”Җв”Җв”җ
в”Ӯ (index) в”Ӯ
в”ңв”Җв”Җв”Җв”Җв”Җв”Җв”Җв”Җв”Җв”Ө
в””в”Җв”Җв”Җв”Җв”Җв”Җв”Җв”Җв”Җв”ҳ
2026-06-06T09:45:05.237Z
в”Ңв”Җв”Җв”Җв”Җв”Җв”Җв”Җв”Җв”Җв”җ
в”Ӯ (index) в”Ӯ
в”ңв”Җв”Җв”Җв”Җв”Җв”Җв”Җв”Җв”Җв”Ө
в””в”Җв”Җв”Җв”Җв”Җв”Җв”Җв”Җв”Җв”ҳ
2026-06-06T09:46:12.360Z
в”Ңв”Җв”Җв”Җв”Җв”Җв”Җв”Җв”Җв”Җв”җ
в”Ӯ (index) в”Ӯ
в”ңв”Җв”Җв”Җв”Җв”Җв”Җв”Җв”Җв”Җв”Ө
в””в”Җв”Җв”Җв”Җв”Җв”Җв”Җв”Җв”Җв”ҳ
2026-06-06T09:47:48.535Z
в”Ңв”Җв”Җв”Җв”Җв”Җв”Җв”Җв”Җв”Җв”җ
в”Ӯ (index) в”Ӯ
в”ңв”Җв”Җв”Җв”Җв”Җв”Җв”Җв”Җв”Җв”Ө
в””в”Җв”Җв”Җв”Җв”Җв”Җв”Җв”Җв”Җв”ҳ
2026-06-06T09:48:51.686Z
в”Ңв”Җв”Җв”Җв”Җв”Җв”Җв”Җв”Җв”Җв”җ
в”Ӯ (index) в”Ӯ
в”ңв”Җв”Җв”Җв”Җв”Җв”Җв”Җв”Җв”Җв”Ө
в””в”Җв”Җв”Җв”Җв”Җв”Җв”Җв”Җв”Җв”ҳ
2026-06-06T09:49:56.054Z
в”Ңв”Җв”Җв”Җв”Җв”Җв”Җв”Җв”Җв”Җв”җ
в”Ӯ (index) в”Ӯ
в”ңв”Җв”Җв”Җв”Җв”Җв”Җв”Җв”Җв”Җв”Ө
в””в”Җв”Җв”Җв”Җв”Җв”Җв”Җв”Җв”Җв”ҳ
2026-06-06T09:50:57.600Z
в”Ңв”Җв”Җв”Җв”Җв”Җв”Җв”Җв”Җв”Җв”җ
в”Ӯ (index) в”Ӯ
в”ңв”Җв”Җв”Җв”Җв”Җв”Җв”Җв”Җв”Җв”Ө
в””в”Җв”Җв”Җв”Җв”Җв”Җв”Җв”Җв”Җв”ҳ
2026-06-06T09:51:59.555Z
в”Ңв”Җв”Җв”Җв”Җв”Җв”Җв”Җв”Җв”Җв”җ
в”Ӯ (index) в”Ӯ
в”ңв”Җв”Җв”Җв”Җв”Җв”Җв”Җв”Җв”Җв”Ө
в””в”Җв”Җв”Җв”Җв”Җв”Җв”Җв”Җв”Җв”ҳ
2026-06-06T09:53:29.558Z
в”Ңв”Җв”Җв”Җв”Җв”Җв”Җв”Җв”Җв”Җв”җ
в”Ӯ (index) в”Ӯ
в”ңв”Җв”Җв”Җв”Җв”Җв”Җв”Җв”Җв”Җв”Ө
в””в”Җв”Җв”Җв”Җв”Җв”Җв”Җв”Җв”Җв”ҳ
2026-06-06T09:54:49.194Z
в”Ңв”Җв”Җв”Җв”Җв”Җв”Җв”Җв”Җв”Җв”җ
в”Ӯ (index) в”Ӯ
в”ңв”Җв”Җв”Җв”Җв”Җв”Җв”Җв”Җв”Җв”Ө
в””в”Җв”Җв”Җв”Җв”Җв”Җв”Җв”Җв”Җв”ҳ
2026-06-06T09:55:57.921Z
в”Ңв”Җв”Җв”Җв”Җв”Җв”Җв”Җв”Җв”Җв”җ
в”Ӯ (index) в”Ӯ
в”ңв”Җв”Җв”Җв”Җв”Җв”Җв”Җв”Җв”Җв”Ө
в””в”Җв”Җв”Җв”Җв”Җв”Җв”Җв”Җв”Җв”ҳ
===================
SCANS: 108

BEST TOKEN: N/A

BEST ROUTE: N/A

BEST PROFIT: N/A
===================
2026-06-06T09:57:22.252Z
в”Ңв”Җв”Җв”Җв”Җв”Җв”Җв”Җв”Җв”Җв”җ
в”Ӯ (index) в”Ӯ
в”ңв”Җв”Җв”Җв”Җв”Җв”Җв”Җв”Җв”Җв”Ө
в””в”Җв”Җв”Җв”Җв”Җв”Җв”Җв”Җв”Җв”ҳ
2026-06-06T09:58:22.234Z
в”Ңв”Җв”Җв”Җв”Җв”Җв”Җв”Җв”Җв”Җв”җ
в”Ӯ (index) в”Ӯ
в”ңв”Җв”Җв”Җв”Җв”Җв”Җв”Җв”Җв”Җв”Ө
в””в”Җв”Җв”Җв”Җв”Җв”Җв”Җв”Җв”Җв”ҳ
2026-06-06T09:59:22.497Z
в”Ңв”Җв”Җв”Җв”Җв”Җв”Җв”Җв”Җв”Җв”җ
в”Ӯ (index) в”Ӯ
в”ңв”Җв”Җв”Җв”Җв”Җв”Җв”Җв”Җв”Җв”Ө
в””в”Җв”Җв”Җв”Җв”Җв”Җв”Җв”Җв”Җв”ҳ
2026-06-06T10:00:26.704Z
в”Ңв”Җв”Җв”Җв”Җв”Җв”Җв”Җв”Җв”Җв”җ
в”Ӯ (index) в”Ӯ
в”ңв”Җв”Җв”Җв”Җв”Җв”Җв”Җв”Җв”Җв”Ө
в””в”Җв”Җв”Җв”Җв”Җв”Җв”Җв”Җв”Җв”ҳ
2026-06-06T10:02:19.485Z
в”Ңв”Җв”Җв”Җв”Җв”Җв”Җв”Җв”Җв”Җв”җ
в”Ӯ (index) в”Ӯ
в”ңв”Җв”Җв”Җв”Җв”Җв”Җв”Җв”Җв”Җв”Ө
в””в”Җв”Җв”Җв”Җв”Җв”Җв”Җв”Җв”Җв”ҳ
2026-06-06T10:03:23.563Z
в”Ңв”Җв”Җв”Җв”Җв”Җв”Җв”Җв”Җв”Җв”җ
в”Ӯ (index) в”Ӯ
в”ңв”Җв”Җв”Җв”Җв”Җв”Җв”Җв”Җв”Җв”Ө
в””в”Җв”Җв”Җв”Җв”Җв”Җв”Җв”Җв”Җв”ҳ
2026-06-06T10:04:25.578Z
в”Ңв”Җв”Җв”Җв”Җв”Җв”Җв”Җв”Җв”Җв”җ
в”Ӯ (index) в”Ӯ
в”ңв”Җв”Җв”Җв”Җв”Җв”Җв”Җв”Җв”Җв”Ө
в””в”Җв”Җв”Җв”Җв”Җв”Җв”Җв”Җв”Җв”ҳ
2026-06-06T10:05:27.837Z
в”Ңв”Җв”Җв”Җв”Җв”Җв”Җв”Җв”Җв”Җв”җ
в”Ӯ (index) в”Ӯ
в”ңв”Җв”Җв”Җв”Җв”Җв”Җв”Җв”Җв”Җв”Ө
в””в”Җв”Җв”Җв”Җв”Җв”Җв”Җв”Җв”Җв”ҳ
2026-06-06T10:06:29.303Z
в”Ңв”Җв”Җв”Җв”Җв”Җв”Җв”Җв”Җв”Җв”җ
в”Ӯ (index) в”Ӯ
в”ңв”Җв”Җв”Җв”Җв”Җв”Җв”Җв”Җв”Җв”Ө
в””в”Җв”Җв”Җв”Җв”Җв”Җв”Җв”Җв”Җв”ҳ
2026-06-06T10:07:42.561Z
в”Ңв”Җв”Җв”Җв”Җв”Җв”Җв”Җв”Җв”Җв”җ
в”Ӯ (index) в”Ӯ
в”ңв”Җв”Җв”Җв”Җв”Җв”Җв”Җв”Җв”Җв”Ө
в””в”Җв”Җв”Җв”Җв”Җв”Җв”Җв”Җв”Җв”ҳ
2026-06-06T10:08:46.084Z
в”Ңв”Җв”Җв”Җв”Җв”Җв”Җв”Җв”Җв”Җв”җ
в”Ӯ (index) в”Ӯ
в”ңв”Җв”Җв”Җв”Җв”Җв”Җв”Җв”Җв”Җв”Ө
в””в”Җв”Җв”Җв”Җв”Җв”Җв”Җв”Җв”Җв”ҳ
2026-06-06T10:09:49.663Z
в”Ңв”Җв”Җв”Җв”Җв”Җв”Җв”Җв”Җв”Җв”җ
в”Ӯ (index) в”Ӯ
в”ңв”Җв”Җв”Җв”Җв”Җв”Җв”Җв”Җв”Җв”Ө
в””в”Җв”Җв”Җв”Җв”Җв”Җв”Җв”Җв”Җв”ҳ
===================
SCANS: 120

BEST TOKEN: N/A

BEST ROUTE: N/A

BEST PROFIT: N/A
===================
2026-06-06T10:10:51.194Z
в”Ңв”Җв”Җв”Җв”Җв”Җв”Җв”Җв”Җв”Җв”җ
в”Ӯ (index) в”Ӯ
в”ңв”Җв”Җв”Җв”Җв”Җв”Җв”Җв”Җв”Җв”Ө
в””в”Җв”Җв”Җв”Җв”Җв”Җв”Җв”Җв”Җв”ҳ
2026-06-06T10:11:56.881Z
в”Ңв”Җв”Җв”Җв”Җв”Җв”Җв”Җв”Җв”Җв”җ
в”Ӯ (index) в”Ӯ
в”ңв”Җв”Җв”Җв”Җв”Җв”Җв”Җв”Җв”Җв”Ө
в””в”Җв”Җв”Җв”Җв”Җв”Җв”Җв”Җв”Җв”ҳ
2026-06-06T10:13:19.091Z
в”Ңв”Җв”Җв”Җв”Җв”Җв”Җв”Җв”Җв”Җв”җ
в”Ӯ (index) в”Ӯ
в”ңв”Җв”Җв”Җв”Җв”Җв”Җв”Җв”Җв”Җв”Ө
в””в”Җв”Җв”Җв”Җв”Җв”Җв”Җв”Җв”Җв”ҳ
2026-06-06T10:14:19.490Z
в”Ңв”Җв”Җв”Җв”Җв”Җв”Җв”Җв”Җв”Җв”җ
в”Ӯ (index) в”Ӯ
в”ңв”Җв”Җв”Җв”Җв”Җв”Җв”Җв”Җв”Җв”Ө
в””в”Җв”Җв”Җв”Җв”Җв”Җв”Җв”Җв”Җв”ҳ
2026-06-06T10:15:47.388Z
в”Ңв”Җв”Җв”Җв”Җв”Җв”Җв”Җв”Җв”Җв”җ
в”Ӯ (index) в”Ӯ
в”ңв”Җв”Җв”Җв”Җв”Җв”Җв”Җв”Җв”Җв”Ө
в””в”Җв”Җв”Җв”Җв”Җв”Җв”Җв”Җв”Җв”ҳ
2026-06-06T10:16:52.331Z
в”Ңв”Җв”Җв”Җв”Җв”Җв”Җв”Җв”Җв”Җв”җ
в”Ӯ (index) в”Ӯ
в”ңв”Җв”Җв”Җв”Җв”Җв”Җв”Җв”Җв”Җв”Ө
в””в”Җв”Җв”Җв”Җв”Җв”Җв”Җв”Җв”Җв”ҳ
2026-06-06T10:17:54.669Z
в”Ңв”Җв”Җв”Җв”Җв”Җв”Җв”Җв”Җв”Җв”җ
в”Ӯ (index) в”Ӯ
в”ңв”Җв”Җв”Җв”Җв”Җв”Җв”Җв”Җв”Җв”Ө
в””в”Җв”Җв”Җв”Җв”Җв”Җв”Җв”Җв”Җв”ҳ
2026-06-06T10:18:56.390Z
в”Ңв”Җв”Җв”Җв”Җв”Җв”Җв”Җв”Җв”Җв”җ
в”Ӯ (index) в”Ӯ
в”ңв”Җв”Җв”Җв”Җв”Җв”Җв”Җв”Җв”Җв”Ө
в””в”Җв”Җв”Җв”Җв”Җв”Җв”Җв”Җв”Җв”ҳ
2026-06-06T10:20:00.289Z
в”Ңв”Җв”Җв”Җв”Җв”Җв”Җв”Җв”Җв”Җв”җ
в”Ӯ (index) в”Ӯ
в”ңв”Җв”Җв”Җв”Җв”Җв”Җв”Җв”Җв”Җв”Ө
в””в”Җв”Җв”Җв”Җв”Җв”Җв”Җв”Җв”Җв”ҳ
2026-06-06T10:21:01.720Z
в”Ңв”Җв”Җв”Җв”Җв”Җв”Җв”Җв”Җв”Җв”җ
в”Ӯ (index) в”Ӯ
в”ңв”Җв”Җв”Җв”Җв”Җв”Җв”Җв”Җв”Җв”Ө
в””в”Җв”Җв”Җв”Җв”Җв”Җв”Җв”Җв”Җв”ҳ
2026-06-06T10:22:03.678Z
в”Ңв”Җв”Җв”Җв”Җв”Җв”Җв”Җв”Җв”Җв”җ
в”Ӯ (index) в”Ӯ
в”ңв”Җв”Җв”Җв”Җв”Җв”Җв”Җв”Җв”Җв”Ө
в””в”Җв”Җв”Җв”Җв”Җв”Җв”Җв”Җв”Җв”ҳ
2026-06-06T10:23:06.668Z
в”Ңв”Җв”Җв”Җв”Җв”Җв”Җв”Җв”Җв”Җв”җ
в”Ӯ (index) в”Ӯ
в”ңв”Җв”Җв”Җв”Җв”Җв”Җв”Җв”Җв”Җв”Ө
в””в”Җв”Җв”Җв”Җв”Җв”Җв”Җв”Җв”Җв”ҳ
===================
SCANS: 132

BEST TOKEN: N/A

BEST ROUTE: N/A

BEST PROFIT: N/A
===================
2026-06-06T10:24:07.591Z
в”Ңв”Җв”Җв”Җв”Җв”Җв”Җв”Җв”Җв”Җв”җ
в”Ӯ (index) в”Ӯ
в”ңв”Җв”Җв”Җв”Җв”Җв”Җв”Җв”Җв”Җв”Ө
в””в”Җв”Җв”Җв”Җв”Җв”Җв”Җв”Җв”Җв”ҳ
2026-06-06T10:25:10.023Z
в”Ңв”Җв”Җв”Җв”Җв”Җв”Җв”Җв”Җв”Җв”җ
в”Ӯ (index) в”Ӯ
в”ңв”Җв”Җв”Җв”Җв”Җв”Җв”Җв”Җв”Җв”Ө
в””в”Җв”Җв”Җв”Җв”Җв”Җв”Җв”Җв”Җв”ҳ
2026-06-06T10:26:11.915Z
в”Ңв”Җв”Җв”Җв”Җв”Җв”Җв”Җв”Җв”Җв”җ
в”Ӯ (index) в”Ӯ
в”ңв”Җв”Җв”Җв”Җв”Җв”Җв”Җв”Җв”Җв”Ө
в””в”Җв”Җв”Җв”Җв”Җв”Җв”Җв”Җв”Җв”ҳ
2026-06-06T10:27:16.431Z
в”Ңв”Җв”Җв”Җв”Җв”Җв”Җв”Җв”Җв”Җв”җ
в”Ӯ (index) в”Ӯ
в”ңв”Җв”Җв”Җв”Җв”Җв”Җв”Җв”Җв”Җв”Ө
в””в”Җв”Җв”Җв”Җв”Җв”Җв”Җв”Җв”Җв”ҳ
2026-06-06T10:28:19.594Z
в”Ңв”Җв”Җв”Җв”Җв”Җв”Җв”Җв”Җв”Җв”җ
в”Ӯ (index) в”Ӯ
в”ңв”Җв”Җв”Җв”Җв”Җв”Җв”Җв”Җв”Җв”Ө
в””в”Җв”Җв”Җв”Җв”Җв”Җв”Җв”Җв”Җв”ҳ
2026-06-06T10:29:22.597Z
в”Ңв”Җв”Җв”Җв”Җв”Җв”Җв”Җв”Җв”Җв”җ
в”Ӯ (index) в”Ӯ
в”ңв”Җв”Җв”Җв”Җв”Җв”Җв”Җв”Җв”Җв”Ө
в””в”Җв”Җв”Җв”Җв”Җв”Җв”Җв”Җв”Җв”ҳ
2026-06-06T10:30:26.462Z
в”Ңв”Җв”Җв”Җв”Җв”Җв”Җв”Җв”Җв”Җв”җ
в”Ӯ (index) в”Ӯ
в”ңв”Җв”Җв”Җв”Җв”Җв”Җв”Җв”Җв”Җв”Ө
в””в”Җв”Җв”Җв”Җв”Җв”Җв”Җв”Җв”Җв”ҳ
2026-06-06T10:31:29.881Z
в”Ңв”Җв”Җв”Җв”Җв”Җв”Җв”Җв”Җв”Җв”җ
в”Ӯ (index) в”Ӯ
в”ңв”Җв”Җв”Җв”Җв”Җв”Җв”Җв”Җв”Җв”Ө
в””в”Җв”Җв”Җв”Җв”Җв”Җв”Җв”Җв”Җв”ҳ
2026-06-06T10:32:32.827Z
в”Ңв”Җв”Җв”Җв”Җв”Җв”Җв”Җв”Җв”Җв”җ
в”Ӯ (index) в”Ӯ
в”ңв”Җв”Җв”Җв”Җв”Җв”Җв”Җв”Җв”Җв”Ө
в””в”Җв”Җв”Җв”Җв”Җв”Җв”Җв”Җв”Җв”ҳ
2026-06-06T10:33:35.936Z
в”Ңв”Җв”Җв”Җв”Җв”Җв”Җв”Җв”Җв”Җв”җ
в”Ӯ (index) в”Ӯ
в”ңв”Җв”Җв”Җв”Җв”Җв”Җв”Җв”Җв”Җв”Ө
в””в”Җв”Җв”Җв”Җв”Җв”Җв”Җв”Җв”Җв”ҳ
2026-06-06T10:34:38.597Z
в”Ңв”Җв”Җв”Җв”Җв”Җв”Җв”Җв”Җв”Җв”җ
в”Ӯ (index) в”Ӯ
в”ңв”Җв”Җв”Җв”Җв”Җв”Җв”Җв”Җв”Җв”Ө
в””в”Җв”Җв”Җв”Җв”Җв”Җв”Җв”Җв”Җв”ҳ
2026-06-06T10:35:42.859Z
в”Ңв”Җв”Җв”Җв”Җв”Җв”Җв”Җв”Җв”Җв”җ
в”Ӯ (index) в”Ӯ
в”ңв”Җв”Җв”Җв”Җв”Җв”Җв”Җв”Җв”Җв”Ө
в””в”Җв”Җв”Җв”Җв”Җв”Җв”Җв”Җв”Җв”ҳ
===================
SCANS: 144

BEST TOKEN: N/A

BEST ROUTE: N/A

BEST PROFIT: N/A
===================
2026-06-06T10:36:45.294Z
в”Ңв”Җв”Җв”Җв”Җв”Җв”Җв”Җв”Җв”Җв”җ
в”Ӯ (index) в”Ӯ
в”ңв”Җв”Җв”Җв”Җв”Җв”Җв”Җв”Җв”Җв”Ө
в””в”Җв”Җв”Җв”Җв”Җв”Җв”Җв”Җв”Җв”ҳ
2026-06-06T10:37:47.075Z
в”Ңв”Җв”Җв”Җв”Җв”Җв”Җв”Җв”Җв”Җв”җ
в”Ӯ (index) в”Ӯ
в”ңв”Җв”Җв”Җв”Җв”Җв”Җв”Җв”Җв”Җв”Ө
в””в”Җв”Җв”Җв”Җв”Җв”Җв”Җв”Җв”Җв”ҳ
2026-06-06T10:38:55.817Z
в”Ңв”Җв”Җв”Җв”Җв”Җв”Җв”Җв”Җв”Җв”җ
в”Ӯ (index) в”Ӯ
в”ңв”Җв”Җв”Җв”Җв”Җв”Җв”Җв”Җв”Җв”Ө
в””в”Җв”Җв”Җв”Җв”Җв”Җв”Җв”Җв”Җв”ҳ
2026-06-06T10:39:59.365Z
в”Ңв”Җв”Җв”Җв”Җв”Җв”Җв”Җв”Җв”Җв”җ
в”Ӯ (index) в”Ӯ
в”ңв”Җв”Җв”Җв”Җв”Җв”Җв”Җв”Җв”Җв”Ө
в””в”Җв”Җв”Җв”Җв”Җв”Җв”Җв”Җв”Җв”ҳ
2026-06-06T10:41:02.495Z
в”Ңв”Җв”Җв”Җв”Җв”Җв”Җв”Җв”Җв”Җв”җ
в”Ӯ (index) в”Ӯ
в”ңв”Җв”Җв”Җв”Җв”Җв”Җв”Җв”Җв”Җв”Ө
в””в”Җв”Җв”Җв”Җв”Җв”Җв”Җв”Җв”Җв”ҳ
2026-06-06T10:42:04.092Z
в”Ңв”Җв”Җв”Җв”Җв”Җв”Җв”Җв”Җв”Җв”җ
в”Ӯ (index) в”Ӯ
в”ңв”Җв”Җв”Җв”Җв”Җв”Җв”Җв”Җв”Җв”Ө
в””в”Җв”Җв”Җв”Җв”Җв”Җв”Җв”Җв”Җв”ҳ
2026-06-06T10:43:06.213Z
в”Ңв”Җв”Җв”Җв”Җв”Җв”Җв”Җв”Җв”Җв”җ
в”Ӯ (index) в”Ӯ
в”ңв”Җв”Җв”Җв”Җв”Җв”Җв”Җв”Җв”Җв”Ө
в””в”Җв”Җв”Җв”Җв”Җв”Җв”Җв”Җв”Җв”ҳ
2026-06-06T10:44:10.407Z
в”Ңв”Җв”Җв”Җв”Җв”Җв”Җв”Җв”Җв”Җв”җ
в”Ӯ (index) в”Ӯ
в”ңв”Җв”Җв”Җв”Җв”Җв”Җв”Җв”Җв”Җв”Ө
в””в”Җв”Җв”Җв”Җв”Җв”Җв”Җв”Җв”Җв”ҳ
2026-06-06T10:45:13.387Z
в”Ңв”Җв”Җв”Җв”Җв”Җв”Җв”Җв”Җв”Җв”җ
в”Ӯ (index) в”Ӯ
в”ңв”Җв”Җв”Җв”Җв”Җв”Җв”Җв”Җв”Җв”Ө
в””в”Җв”Җв”Җв”Җв”Җв”Җв”Җв”Җв”Җв”ҳ
2026-06-06T10:46:16.771Z
в”Ңв”Җв”Җв”Җв”Җв”Җв”Җв”Җв”Җв”Җв”җ
в”Ӯ (index) в”Ӯ
в”ңв”Җв”Җв”Җв”Җв”Җв”Җв”Җв”Җв”Җв”Ө
в””в”Җв”Җв”Җв”Җв”Җв”Җв”Җв”Җв”Җв”ҳ
2026-06-06T10:47:36.435Z
в”Ңв”Җв”Җв”Җв”Җв”Җв”Җв”Җв”Җв”Җв”җ
в”Ӯ (index) в”Ӯ
в”ңв”Җв”Җв”Җв”Җв”Җв”Җв”Җв”Җв”Җв”Ө
в””в”Җв”Җв”Җв”Җв”Җв”Җв”Җв”Җв”Җв”ҳ
2026-06-06T10:48:48.936Z
в”Ңв”Җв”Җв”Җв”Җв”Җв”Җв”Җв”Җв”Җв”җ
в”Ӯ (index) в”Ӯ
в”ңв”Җв”Җв”Җв”Җв”Җв”Җв”Җв”Җв”Җв”Ө
в””в”Җв”Җв”Җв”Җв”Җв”Җв”Җв”Җв”Җв”ҳ
===================
SCANS: 156

BEST TOKEN: N/A

BEST ROUTE: N/A

BEST PROFIT: N/A
===================
2026-06-06T10:49:55.316Z
в”Ңв”Җв”Җв”Җв”Җв”Җв”Җв”Җв”Җв”Җв”җ
в”Ӯ (index) в”Ӯ
в”ңв”Җв”Җв”Җв”Җв”Җв”Җв”Җв”Җв”Җв”Ө
в””в”Җв”Җв”Җв”Җв”Җв”Җв”Җв”Җв”Җв”ҳ
2026-06-06T10:51:01.791Z
в”Ңв”Җв”Җв”Җв”Җв”Җв”Җв”Җв”Җв”Җв”җ
в”Ӯ (index) в”Ӯ
в”ңв”Җв”Җв”Җв”Җв”Җв”Җв”Җв”Җв”Җв”Ө
в””в”Җв”Җв”Җв”Җв”Җв”Җв”Җв”Җв”Җв”ҳ
2026-06-06T10:52:07.829Z
в”Ңв”Җв”Җв”Җв”Җв”Җв”Җв”Җв”Җв”Җв”җ
в”Ӯ (index) в”Ӯ
в”ңв”Җв”Җв”Җв”Җв”Җв”Җв”Җв”Җв”Җв”Ө
в””в”Җв”Җв”Җв”Җв”Җв”Җв”Җв”Җв”Җв”ҳ
2026-06-06T10:53:55.703Z
в”Ңв”Җв”Җв”Җв”Җв”Җв”Җв”Җв”Җв”Җв”җ
в”Ӯ (index) в”Ӯ
в”ңв”Җв”Җв”Җв”Җв”Җв”Җв”Җв”Җв”Җв”Ө
в””в”Җв”Җв”Җв”Җв”Җв”Җв”Җв”Җв”Җв”ҳ
2026-06-06T10:55:04.144Z
в”Ңв”Җв”Җв”Җв”Җв”Җв”Җв”Җв”Җв”Җв”җ
в”Ӯ (index) в”Ӯ
в”ңв”Җв”Җв”Җв”Җв”Җв”Җв”Җв”Җв”Җв”Ө
в””в”Җв”Җв”Җв”Җв”Җв”Җв”Җв”Җв”Җв”ҳ
2026-06-06T10:56:11.702Z
в”Ңв”Җв”Җв”Җв”Җв”Җв”Җв”Җв”Җв”Җв”җ
в”Ӯ (index) в”Ӯ
в”ңв”Җв”Җв”Җв”Җв”Җв”Җв”Җв”Җв”Җв”Ө
в””в”Җв”Җв”Җв”Җв”Җв”Җв”Җв”Җв”Җв”ҳ
2026-06-06T10:57:19.990Z
в”Ңв”Җв”Җв”Җв”Җв”Җв”Җв”Җв”Җв”Җв”җ
в”Ӯ (index) в”Ӯ
в”ңв”Җв”Җв”Җв”Җв”Җв”Җв”Җв”Җв”Җв”Ө
в””в”Җв”Җв”Җв”Җв”Җв”Җв”Җв”Җв”Җв”ҳ
2026-06-06T10:58:28.211Z
в”Ңв”Җв”Җв”Җв”Җв”Җв”Җв”Җв”Җв”Җв”җ
в”Ӯ (index) в”Ӯ
в”ңв”Җв”Җв”Җв”Җв”Җв”Җв”Җв”Җв”Җв”Ө
в””в”Җв”Җв”Җв”Җв”Җв”Җв”Җв”Җв”Җв”ҳ
2026-06-06T10:59:34.995Z
в”Ңв”Җв”Җв”Җв”Җв”Җв”Җв”Җв”Җв”Җв”җ
в”Ӯ (index) в”Ӯ
в”ңв”Җв”Җв”Җв”Җв”Җв”Җв”Җв”Җв”Җв”Ө
в””в”Җв”Җв”Җв”Җв”Җв”Җв”Җв”Җв”Җв”ҳ
2026-06-06T11:00:39.519Z
в”Ңв”Җв”Җв”Җв”Җв”Җв”Җв”Җв”Җв”Җв”җ
в”Ӯ (index) в”Ӯ
в”ңв”Җв”Җв”Җв”Җв”Җв”Җв”Җв”Җв”Җв”Ө
в””в”Җв”Җв”Җв”Җв”Җв”Җв”Җв”Җв”Җв”ҳ
2026-06-06T11:01:42.624Z
в”Ңв”Җв”Җв”Җв”Җв”Җв”Җв”Җв”Җв”Җв”җ
в”Ӯ (index) в”Ӯ
в”ңв”Җв”Җв”Җв”Җв”Җв”Җв”Җв”Җв”Җв”Ө
в””в”Җв”Җв”Җв”Җв”Җв”Җв”Җв”Җв”Җв”ҳ
2026-06-06T11:02:46.588Z
в”Ңв”Җв”Җв”Җв”Җв”Җв”Җв”Җв”Җв”Җв”җ
в”Ӯ (index) в”Ӯ
в”ңв”Җв”Җв”Җв”Җв”Җв”Җв”Җв”Җв”Җв”Ө
в””в”Җв”Җв”Җв”Җв”Җв”Җв”Җв”Җв”Җв”ҳ
===================
SCANS: 168

BEST TOKEN: N/A

BEST ROUTE: N/A

BEST PROFIT: N/A
===================
2026-06-06T11:03:47.209Z
в”Ңв”Җв”Җв”Җв”Җв”Җв”Җв”Җв”Җв”Җв”җ
в”Ӯ (index) в”Ӯ
в”ңв”Җв”Җв”Җв”Җв”Җв”Җв”Җв”Җв”Җв”Ө
в””в”Җв”Җв”Җв”Җв”Җв”Җв”Җв”Җв”Җв”ҳ
2026-06-06T11:04:48.569Z
в”Ңв”Җв”Җв”Җв”Җв”Җв”Җв”Җв”Җв”Җв”җ
в”Ӯ (index) в”Ӯ
в”ңв”Җв”Җв”Җв”Җв”Җв”Җв”Җв”Җв”Җв”Ө
в””в”Җв”Җв”Җв”Җв”Җв”Җв”Җв”Җв”Җв”ҳ
2026-06-06T11:05:50.031Z
в”Ңв”Җв”Җв”Җв”Җв”Җв”Җв”Җв”Җв”Җв”җ
в”Ӯ (index) в”Ӯ
в”ңв”Җв”Җв”Җв”Җв”Җв”Җв”Җв”Җв”Җв”Ө
в””в”Җв”Җв”Җв”Җв”Җв”Җв”Җв”Җв”Җв”ҳ
2026-06-06T11:06:52.508Z
в”Ңв”Җв”Җв”Җв”Җв”Җв”Җв”Җв”Җв”Җв”җ
в”Ӯ (index) в”Ӯ
в”ңв”Җв”Җв”Җв”Җв”Җв”Җв”Җв”Җв”Җв”Ө
в””в”Җв”Җв”Җв”Җв”Җв”Җв”Җв”Җв”Җв”ҳ
2026-06-06T11:08:25.088Z
в”Ңв”Җв”Җв”Җв”Җв”Җв”Җв”Җв”Җв”Җв”җ
в”Ӯ (index) в”Ӯ
в”ңв”Җв”Җв”Җв”Җв”Җв”Җв”Җв”Җв”Җв”Ө
в””в”Җв”Җв”Җв”Җв”Җв”Җв”Җв”Җв”Җв”ҳ
2026-06-06T11:09:30.985Z
в”Ңв”Җв”Җв”Җв”Җв”Җв”Җв”Җв”Җв”Җв”җ
в”Ӯ (index) в”Ӯ
в”ңв”Җв”Җв”Җв”Җв”Җв”Җв”Җв”Җв”Җв”Ө
в””в”Җв”Җв”Җв”Җв”Җв”Җв”Җв”Җв”Җв”ҳ
2026-06-06T11:10:36.186Z
в”Ңв”Җв”Җв”Җв”Җв”Җв”Җв”Җв”Җв”Җв”җ
в”Ӯ (index) в”Ӯ
в”ңв”Җв”Җв”Җв”Җв”Җв”Җв”Җв”Җв”Җв”Ө
в””в”Җв”Җв”Җв”Җв”Җв”Җв”Җв”Җв”Җв”ҳ
2026-06-06T11:11:38.221Z
в”Ңв”Җв”Җв”Җв”Җв”Җв”Җв”Җв”Җв”Җв”җ
в”Ӯ (index) в”Ӯ
в”ңв”Җв”Җв”Җв”Җв”Җв”Җв”Җв”Җв”Җв”Ө
в””в”Җв”Җв”Җв”Җв”Җв”Җв”Җв”Җв”Җв”ҳ
2026-06-06T11:12:40.556Z
в”Ңв”Җв”Җв”Җв”Җв”Җв”Җв”Җв”Җв”Җв”җ
в”Ӯ (index) в”Ӯ
в”ңв”Җв”Җв”Җв”Җв”Җв”Җв”Җв”Җв”Җв”Ө
в””в”Җв”Җв”Җв”Җв”Җв”Җв”Җв”Җв”Җв”ҳ
2026-06-06T11:13:41.440Z
в”Ңв”Җв”Җв”Җв”Җв”Җв”Җв”Җв”Җв”Җв”җ
в”Ӯ (index) в”Ӯ
в”ңв”Җв”Җв”Җв”Җв”Җв”Җв”Җв”Җв”Җв”Ө
в””в”Җв”Җв”Җв”Җв”Җв”Җв”Җв”Җв”Җв”ҳ
2026-06-06T11:14:42.820Z
в”Ңв”Җв”Җв”Җв”Җв”Җв”Җв”Җв”Җв”Җв”җ
в”Ӯ (index) в”Ӯ
в”ңв”Җв”Җв”Җв”Җв”Җв”Җв”Җв”Җв”Җв”Ө
в””в”Җв”Җв”Җв”Җв”Җв”Җв”Җв”Җв”Җв”ҳ
2026-06-06T11:15:49.668Z
в”Ңв”Җв”Җв”Җв”Җв”Җв”Җв”Җв”Җв”Җв”җ
в”Ӯ (index) в”Ӯ
в”ңв”Җв”Җв”Җв”Җв”Җв”Җв”Җв”Җв”Җв”Ө
в””в”Җв”Җв”Җв”Җв”Җв”Җв”Җв”Җв”Җв”ҳ
===================
SCANS: 180

BEST TOKEN: N/A

BEST ROUTE: N/A

BEST PROFIT: N/A
===================
2026-06-06T11:17:14.741Z
в”Ңв”Җв”Җв”Җв”Җв”Җв”Җв”Җв”Җв”Җв”җ
в”Ӯ (index) в”Ӯ
в”ңв”Җв”Җв”Җв”Җв”Җв”Җв”Җв”Җв”Җв”Ө
в””в”Җв”Җв”Җв”Җв”Җв”Җв”Җв”Җв”Җв”ҳ
SUSHI -> UNISWAP failed for ARB 100: Error: connect ETIMEDOUT 15.235.229.138:443
    at TCPConnectWrap.afterConnect [as oncomplete] (node:net:1555:16) {
  errno: -110,
  code: 'ETIMEDOUT',
  syscall: 'connect',
  address: '15.235.229.138',
  port: 443
}
2026-06-06T11:20:45.116Z
в”Ңв”Җв”Җв”Җв”Җв”Җв”Җв”Җв”Җв”Җв”җ
в”Ӯ (index) в”Ӯ
в”ңв”Җв”Җв”Җв”Җв”Җв”Җв”Җв”Җв”Җв”Ө
в””в”Җв”Җв”Җв”Җв”Җв”Җв”Җв”Җв”Җв”ҳ
2026-06-06T11:21:55.535Z
в”Ңв”Җв”Җв”Җв”Җв”Җв”Җв”Җв”Җв”Җв”җ
в”Ӯ (index) в”Ӯ
в”ңв”Җв”Җв”Җв”Җв”Җв”Җв”Җв”Җв”Җв”Ө
в””в”Җв”Җв”Җв”Җв”Җв”Җв”Җв”Җв”Җв”ҳ
2026-06-06T11:22:59.233Z
в”Ңв”Җв”Җв”Җв”Җв”Җв”Җв”Җв”Җв”Җв”җ
в”Ӯ (index) в”Ӯ
в”ңв”Җв”Җв”Җв”Җв”Җв”Җв”Җв”Җв”Җв”Ө
в””в”Җв”Җв”Җв”Җв”Җв”Җв”Җв”Җв”Җв”ҳ
2026-06-06T11:24:03.315Z
в”Ңв”Җв”Җв”Җв”Җв”Җв”Җв”Җв”Җв”Җв”җ
в”Ӯ (index) в”Ӯ
в”ңв”Җв”Җв”Җв”Җв”Җв”Җв”Җв”Җв”Җв”Ө
в””в”Җв”Җв”Җв”Җв”Җв”Җв”Җв”Җв”Җв”ҳ
2026-06-06T11:25:05.041Z
в”Ңв”Җв”Җв”Җв”Җв”Җв”Җв”Җв”Җв”Җв”җ
в”Ӯ (index) в”Ӯ
в”ңв”Җв”Җв”Җв”Җв”Җв”Җв”Җв”Җв”Җв”Ө
в””в”Җв”Җв”Җв”Җв”Җв”Җв”Җв”Җв”Җв”ҳ
2026-06-06T11:26:07.184Z
в”Ңв”Җв”Җв”Җв”Җв”Җв”Җв”Җв”Җв”Җв”җ
в”Ӯ (index) в”Ӯ
в”ңв”Җв”Җв”Җв”Җв”Җв”Җв”Җв”Җв”Җв”Ө
в””в”Җв”Җв”Җв”Җв”Җв”Җв”Җв”Җв”Җв”ҳ
2026-06-06T11:27:11.137Z
в”Ңв”Җв”Җв”Җв”Җв”Җв”Җв”Җв”Җв”Җв”җ
в”Ӯ (index) в”Ӯ
в”ңв”Җв”Җв”Җв”Җв”Җв”Җв”Җв”Җв”Җв”Ө
в””в”Җв”Җв”Җв”Җв”Җв”Җв”Җв”Җв”Җв”ҳ
2026-06-06T11:28:14.115Z
в”Ңв”Җв”Җв”Җв”Җв”Җв”Җв”Җв”Җв”Җв”җ
в”Ӯ (index) в”Ӯ
в”ңв”Җв”Җв”Җв”Җв”Җв”Җв”Җв”Җв”Җв”Ө
в””в”Җв”Җв”Җв”Җв”Җв”Җв”Җв”Җв”Җв”ҳ
2026-06-06T11:29:13.345Z
в”Ңв”Җв”Җв”Җв”Җв”Җв”Җв”Җв”Җв”Җв”җ
в”Ӯ (index) в”Ӯ
в”ңв”Җв”Җв”Җв”Җв”Җв”Җв”Җв”Җв”Җв”Ө
в””в”Җв”Җв”Җв”Җв”Җв”Җв”Җв”Җв”Җв”ҳ
2026-06-06T11:30:33.984Z
в”Ңв”Җв”Җв”Җв”Җв”Җв”Җв”Җв”Җв”Җв”җ
в”Ӯ (index) в”Ӯ
в”ңв”Җв”Җв”Җв”Җв”Җв”Җв”Җв”Җв”Җв”Ө
в””в”Җв”Җв”Җв”Җв”Җв”Җв”Җв”Җв”Җв”ҳ
2026-06-06T11:31:34.408Z
в”Ңв”Җв”Җв”Җв”Җв”Җв”Җв”Җв”Җв”Җв”җ
в”Ӯ (index) в”Ӯ
в”ңв”Җв”Җв”Җв”Җв”Җв”Җв”Җв”Җв”Җв”Ө
в””в”Җв”Җв”Җв”Җв”Җв”Җв”Җв”Җв”Җв”ҳ
===================
SCANS: 192

BEST TOKEN: N/A

BEST ROUTE: N/A

BEST PROFIT: N/A
===================
2026-06-06T11:32:54.848Z
в”Ңв”Җв”Җв”Җв”Җв”Җв”Җв”Җв”Җв”Җв”җ
в”Ӯ (index) в”Ӯ
в”ңв”Җв”Җв”Җв”Җв”Җв”Җв”Җв”Җв”Җв”Ө
в””в”Җв”Җв”Җв”Җв”Җв”Җв”Җв”Җв”Җв”ҳ
2026-06-06T11:34:21.360Z
в”Ңв”Җв”Җв”Җв”Җв”Җв”Җв”Җв”Җв”Җв”җ
в”Ӯ (index) в”Ӯ
в”ңв”Җв”Җв”Җв”Җв”Җв”Җв”Җв”Җв”Җв”Ө
в””в”Җв”Җв”Җв”Җв”Җв”Җв”Җв”Җв”Җв”ҳ
2026-06-06T11:35:23.192Z
в”Ңв”Җв”Җв”Җв”Җв”Җв”Җв”Җв”Җв”Җв”җ
в”Ӯ (index) в”Ӯ
в”ңв”Җв”Җв”Җв”Җв”Җв”Җв”Җв”Җв”Җв”Ө
в””в”Җв”Җв”Җв”Җв”Җв”Җв”Җв”Җв”Җв”ҳ
2026-06-06T11:36:22.492Z
в”Ңв”Җв”Җв”Җв”Җв”Җв”Җв”Җв”Җв”Җв”җ
в”Ӯ (index) в”Ӯ
в”ңв”Җв”Җв”Җв”Җв”Җв”Җв”Җв”Җв”Җв”Ө
в””в”Җв”Җв”Җв”Җв”Җв”Җв”Җв”Җв”Җв”ҳ
2026-06-06T11:37:22.090Z
в”Ңв”Җв”Җв”Җв”Җв”Җв”Җв”Җв”Җв”Җв”җ
в”Ӯ (index) в”Ӯ
в”ңв”Җв”Җв”Җв”Җв”Җв”Җв”Җв”Җв”Җв”Ө
в””в”Җв”Җв”Җв”Җв”Җв”Җв”Җв”Җв”Җв”ҳ
2026-06-06T11:38:25.003Z
в”Ңв”Җв”Җв”Җв”Җв”Җв”Җв”Җв”Җв”Җв”җ
в”Ӯ (index) в”Ӯ
в”ңв”Җв”Җв”Җв”Җв”Җв”Җв”Җв”Җв”Җв”Ө
в””в”Җв”Җв”Җв”Җв”Җв”Җв”Җв”Җв”Җв”ҳ
2026-06-06T11:39:40.158Z
в”Ңв”Җв”Җв”Җв”Җв”Җв”Җв”Җв”Җв”Җв”җ
в”Ӯ (index) в”Ӯ
в”ңв”Җв”Җв”Җв”Җв”Җв”Җв”Җв”Җв”Җв”Ө
в””в”Җв”Җв”Җв”Җв”Җв”Җв”Җв”Җв”Җв”ҳ
2026-06-06T11:41:03.783Z
в”Ңв”Җв”Җв”Җв”Җв”Җв”Җв”Җв”Җв”Җв”җ
в”Ӯ (index) в”Ӯ
в”ңв”Җв”Җв”Җв”Җв”Җв”Җв”Җв”Җв”Җв”Ө
в””в”Җв”Җв”Җв”Җв”Җв”Җв”Җв”Җв”Җв”ҳ
2026-06-06T11:42:05.427Z
в”Ңв”Җв”Җв”Җв”Җв”Җв”Җв”Җв”Җв”Җв”җ
в”Ӯ (index) в”Ӯ
в”ңв”Җв”Җв”Җв”Җв”Җв”Җв”Җв”Җв”Җв”Ө
в””в”Җв”Җв”Җв”Җв”Җв”Җв”Җв”Җв”Җв”ҳ
2026-06-06T11:43:07.437Z
в”Ңв”Җв”Җв”Җв”Җв”Җв”Җв”Җв”Җв”Җв”җ
в”Ӯ (index) в”Ӯ
в”ңв”Җв”Җв”Җв”Җв”Җв”Җв”Җв”Җв”Җв”Ө
в””в”Җв”Җв”Җв”Җв”Җв”Җв”Җв”Җв”Җв”ҳ
2026-06-06T11:44:09.242Z
в”Ңв”Җв”Җв”Җв”Җв”Җв”Җв”Җв”Җв”Җв”җ
в”Ӯ (index) в”Ӯ
в”ңв”Җв”Җв”Җв”Җв”Җв”Җв”Җв”Җв”Җв”Ө
в””в”Җв”Җв”Җв”Җв”Җв”Җв”Җв”Җв”Җв”ҳ
2026-06-06T11:45:09.533Z
в”Ңв”Җв”Җв”Җв”Җв”Җв”Җв”Җв”Җв”Җв”җ
в”Ӯ (index) в”Ӯ
в”ңв”Җв”Җв”Җв”Җв”Җв”Җв”Җв”Җв”Җв”Ө
в””в”Җв”Җв”Җв”Җв”Җв”Җв”Җв”Җв”Җв”ҳ
===================
SCANS: 204

BEST TOKEN: N/A

BEST ROUTE: N/A

BEST PROFIT: N/A
===================
2026-06-06T11:46:12.457Z
в”Ңв”Җв”Җв”Җв”Җв”Җв”Җв”Җв”Җв”Җв”җ
в”Ӯ (index) в”Ӯ
в”ңв”Җв”Җв”Җв”Җв”Җв”Җв”Җв”Җв”Җв”Ө
в””в”Җв”Җв”Җв”Җв”Җв”Җв”Җв”Җв”Җв”ҳ
2026-06-06T11:47:17.641Z
в”Ңв”Җв”Җв”Җв”Җв”Җв”Җв”Җв”Җв”Җв”җ
в”Ӯ (index) в”Ӯ
в”ңв”Җв”Җв”Җв”Җв”Җв”Җв”Җв”Җв”Җв”Ө
в””в”Җв”Җв”Җв”Җв”Җв”Җв”Җв”Җв”Җв”ҳ
2026-06-06T11:48:19.034Z
в”Ңв”Җв”Җв”Җв”Җв”Җв”Җв”Җв”Җв”Җв”җ
в”Ӯ (index) в”Ӯ
в”ңв”Җв”Җв”Җв”Җв”Җв”Җв”Җв”Җв”Җв”Ө
в””в”Җв”Җв”Җв”Җв”Җв”Җв”Җв”Җв”Җв”ҳ
2026-06-06T11:49:19.171Z
в”Ңв”Җв”Җв”Җв”Җв”Җв”Җв”Җв”Җв”Җв”җ
в”Ӯ (index) в”Ӯ
в”ңв”Җв”Җв”Җв”Җв”Җв”Җв”Җв”Җв”Җв”Ө
в””в”Җв”Җв”Җв”Җв”Җв”Җв”Җв”Җв”Җв”ҳ
2026-06-06T11:50:28.457Z
в”Ңв”Җв”Җв”Җв”Җв”Җв”Җв”Җв”Җв”Җв”җ
в”Ӯ (index) в”Ӯ
в”ңв”Җв”Җв”Җв”Җв”Җв”Җв”Җв”Җв”Җв”Ө
в””в”Җв”Җв”Җв”Җв”Җв”Җв”Җв”Җв”Җв”ҳ
2026-06-06T11:51:35.891Z
в”Ңв”Җв”Җв”Җв”Җв”Җв”Җв”Җв”Җв”Җв”җ
в”Ӯ (index) в”Ӯ
в”ңв”Җв”Җв”Җв”Җв”Җв”Җв”Җв”Җв”Җв”Ө
в””в”Җв”Җв”Җв”Җв”Җв”Җв”Җв”Җв”Җв”ҳ
2026-06-06T11:52:37.294Z
в”Ңв”Җв”Җв”Җв”Җв”Җв”Җв”Җв”Җв”Җв”җ
в”Ӯ (index) в”Ӯ
в”ңв”Җв”Җв”Җв”Җв”Җв”Җв”Җв”Җв”Җв”Ө
в””в”Җв”Җв”Җв”Җв”Җв”Җв”Җв”Җв”Җв”ҳ
2026-06-06T11:53:39.868Z
в”Ңв”Җв”Җв”Җв”Җв”Җв”Җв”Җв”Җв”Җв”җ
в”Ӯ (index) в”Ӯ
в”ңв”Җв”Җв”Җв”Җв”Җв”Җв”Җв”Җв”Җв”Ө
в””в”Җв”Җв”Җв”Җв”Җв”Җв”Җв”Җв”Җв”ҳ
2026-06-06T11:54:41.844Z
в”Ңв”Җв”Җв”Җв”Җв”Җв”Җв”Җв”Җв”Җв”җ
в”Ӯ (index) в”Ӯ
в”ңв”Җв”Җв”Җв”Җв”Җв”Җв”Җв”Җв”Җв”Ө
в””в”Җв”Җв”Җв”Җв”Җв”Җв”Җв”Җв”Җв”ҳ
2026-06-06T11:56:07.739Z
в”Ңв”Җв”Җв”Җв”Җв”Җв”Җв”Җв”Җв”Җв”җ
в”Ӯ (index) в”Ӯ
в”ңв”Җв”Җв”Җв”Җв”Җв”Җв”Җв”Җв”Җв”Ө
в””в”Җв”Җв”Җв”Җв”Җв”Җв”Җв”Җв”Җв”ҳ
2026-06-06T11:57:08.872Z
в”Ңв”Җв”Җв”Җв”Җв”Җв”Җв”Җв”Җв”Җв”җ
в”Ӯ (index) в”Ӯ
в”ңв”Җв”Җв”Җв”Җв”Җв”Җв”Җв”Җв”Җв”Ө
в””в”Җв”Җв”Җв”Җв”Җв”Җв”Җв”Җв”Җв”ҳ
2026-06-06T11:58:09.553Z
в”Ңв”Җв”Җв”Җв”Җв”Җв”Җв”Җв”Җв”Җв”җ
в”Ӯ (index) в”Ӯ
в”ңв”Җв”Җв”Җв”Җв”Җв”Җв”Җв”Җв”Җв”Ө
в””в”Җв”Җв”Җв”Җв”Җв”Җв”Җв”Җв”Җв”ҳ
===================
SCANS: 216

BEST TOKEN: N/A

BEST ROUTE: N/A

BEST PROFIT: N/A
===================
2026-06-06T11:59:10.526Z
в”Ңв”Җв”Җв”Җв”Җв”Җв”Җв”Җв”Җв”Җв”җ
в”Ӯ (index) в”Ӯ
в”ңв”Җв”Җв”Җв”Җв”Җв”Җв”Җв”Җв”Җв”Ө
в””в”Җв”Җв”Җв”Җв”Җв”Җв”Җв”Җв”Җв”ҳ
2026-06-06T12:00:17.063Z
в”Ңв”Җв”Җв”Җв”Җв”Җв”Җв”Җв”Җв”Җв”җ
в”Ӯ (index) в”Ӯ
в”ңв”Җв”Җв”Җв”Җв”Җв”Җв”Җв”Җв”Җв”Ө
в””в”Җв”Җв”Җв”Җв”Җв”Җв”Җв”Җв”Җв”ҳ
2026-06-06T12:01:37.268Z
в”Ңв”Җв”Җв”Җв”Җв”Җв”Җв”Җв”Җв”Җв”җ
в”Ӯ (index) в”Ӯ
в”ңв”Җв”Җв”Җв”Җв”Җв”Җв”Җв”Җв”Җв”Ө
в””в”Җв”Җв”Җв”Җв”Җв”Җв”Җв”Җв”Җв”ҳ
2026-06-06T12:02:37.205Z
в”Ңв”Җв”Җв”Җв”Җв”Җв”Җв”Җв”Җв”Җв”җ
в”Ӯ (index) в”Ӯ
в”ңв”Җв”Җв”Җв”Җв”Җв”Җв”Җв”Җв”Җв”Ө
в””в”Җв”Җв”Җв”Җв”Җв”Җв”Җв”Җв”Җв”ҳ
2026-06-06T12:03:36.818Z
в”Ңв”Җв”Җв”Җв”Җв”Җв”Җв”Җв”Җв”Җв”җ
в”Ӯ (index) в”Ӯ
в”ңв”Җв”Җв”Җв”Җв”Җв”Җв”Җв”Җв”Җв”Ө
в””в”Җв”Җв”Җв”Җв”Җв”Җв”Җв”Җв”Җв”ҳ
2026-06-06T12:04:36.453Z
в”Ңв”Җв”Җв”Җв”Җв”Җв”Җв”Җв”Җв”Җв”җ
в”Ӯ (index) в”Ӯ
в”ңв”Җв”Җв”Җв”Җв”Җв”Җв”Җв”Җв”Җв”Ө
в””в”Җв”Җв”Җв”Җв”Җв”Җв”Җв”Җв”Җв”ҳ
2026-06-06T12:05:36.068Z
в”Ңв”Җв”Җв”Җв”Җв”Җв”Җв”Җв”Җв”Җв”җ
в”Ӯ (index) в”Ӯ
в”ңв”Җв”Җв”Җв”Җв”Җв”Җв”Җв”Җв”Җв”Ө
в””в”Җв”Җв”Җв”Җв”Җв”Җв”Җв”Җв”Җв”ҳ
2026-06-06T12:06:34.291Z
в”Ңв”Җв”Җв”Җв”Җв”Җв”Җв”Җв”Җв”Җв”җ
в”Ӯ (index) в”Ӯ
в”ңв”Җв”Җв”Җв”Җв”Җв”Җв”Җв”Җв”Җв”Ө
в””в”Җв”Җв”Җв”Җв”Җв”Җв”Җв”Җв”Җв”ҳ
2026-06-06T12:07:34.687Z
в”Ңв”Җв”Җв”Җв”Җв”Җв”Җв”Җв”Җв”Җв”җ
в”Ӯ (index) в”Ӯ
в”ңв”Җв”Җв”Җв”Җв”Җв”Җв”Җв”Җв”Җв”Ө
в””в”Җв”Җв”Җв”Җв”Җв”Җв”Җв”Җв”Җв”ҳ
2026-06-06T12:08:38.517Z
в”Ңв”Җв”Җв”Җв”Җв”Җв”Җв”Җв”Җв”Җв”җ
в”Ӯ (index) в”Ӯ
в”ңв”Җв”Җв”Җв”Җв”Җв”Җв”Җв”Җв”Җв”Ө
в””в”Җв”Җв”Җв”Җв”Җв”Җв”Җв”Җв”Җв”ҳ
2026-06-06T12:09:39.703Z
в”Ңв”Җв”Җв”Җв”Җв”Җв”Җв”Җв”Җв”Җв”җ
в”Ӯ (index) в”Ӯ
в”ңв”Җв”Җв”Җв”Җв”Җв”Җв”Җв”Җв”Җв”Ө
в””в”Җв”Җв”Җв”Җв”Җв”Җв”Җв”Җв”Җв”ҳ
2026-06-06T12:11:14.757Z
в”Ңв”Җв”Җв”Җв”Җв”Җв”Җв”Җв”Җв”Җв”җ
в”Ӯ (index) в”Ӯ
в”ңв”Җв”Җв”Җв”Җв”Җв”Җв”Җв”Җв”Җв”Ө
в””в”Җв”Җв”Җв”Җв”Җв”Җв”Җв”Җв”Җв”ҳ
===================
SCANS: 228

BEST TOKEN: N/A

BEST ROUTE: N/A

BEST PROFIT: N/A
===================
2026-06-06T12:12:46.512Z
в”Ңв”Җв”Җв”Җв”Җв”Җв”Җв”Җв”Җв”Җв”җ
в”Ӯ (index) в”Ӯ
в”ңв”Җв”Җв”Җв”Җв”Җв”Җв”Җв”Җв”Җв”Ө
в””в”Җв”Җв”Җв”Җв”Җв”Җв”Җв”Җв”Җв”ҳ
2026-06-06T12:13:50.128Z
в”Ңв”Җв”Җв”Җв”Җв”Җв”Җв”Җв”Җв”Җв”җ
в”Ӯ (index) в”Ӯ
в”ңв”Җв”Җв”Җв”Җв”Җв”Җв”Җв”Җв”Җв”Ө
в””в”Җв”Җв”Җв”Җв”Җв”Җв”Җв”Җв”Җв”ҳ
SqliteError: attempt to write a readonly database
    at saveOpportunity (/home/shubham/arbitrum-arbitrage-bot/src/database/database.ts:97:23)
    at scanAndSaveMarket (/home/shubham/arbitrum-arbitrage-bot/src/scanner/scanMarket.ts:231:20)
    at processTicksAndRejections (node:internal/process/task_queues:95:5)
    at async main (/home/shubham/arbitrum-arbitrage-bot/src/monitor/liveMonitor.ts:37:27) {
  code: 'SQLITE_READONLY_DBMOVED'
}
